Log file open, 06/12/24 21:30:49
LogWindows: Failed to load 'aqProf.dll' (GetLastError=126)
LogWindows: File 'aqProf.dll' does not exist
LogWindows: Failed to load 'VtuneApi.dll' (GetLastError=126)
LogWindows: File 'VtuneApi.dll' does not exist
LogWindows: Failed to load 'VtuneApi32e.dll' (GetLastError=126)
LogWindows: File 'VtuneApi32e.dll' does not exist
LogConsoleResponse: Display: Failed to find resolution value strings in scalability ini. Falling back to default.
LogConsoleResponse: Display: Failed to find resolution value strings in scalability ini. Falling back to default.
LogInit: Display: Running engine for game: MyProject
LogPlatformFile: Not using cached read wrapper
LogTaskGraph: Started task graph with 5 named threads and 23 total threads with 3 sets of task threads.
LogStats: Stats thread started at 0.292998
LogICUInternationalization: ICU TimeZone Detection - Raw Offset: +3:00, Platform Override: ''
LogInit: Display: Loading text-based GConfig....
LogPluginManager: Mounting plugin MeshPainting
LogPluginManager: Mounting plugin XGEController
LogPluginManager: Mounting plugin Paper2D
LogPluginManager: Mounting plugin AISupport
LogPluginManager: Mounting plugin EnvironmentQueryEditor
LogPluginManager: Mounting plugin CameraShakePreviewer
LogPluginManager: Mounting plugin LightPropagationVolume
LogPluginManager: Mounting plugin GameplayCameras
LogPluginManager: Mounting plugin LiveLink
LogPluginManager: Mounting plugin OodleData
LogPluginManager: Mounting plugin OodleNetwork
LogPluginManager: Mounting plugin AnimationSharing
LogPluginManager: Mounting plugin CLionSourceCodeAccess
LogPluginManager: Mounting plugin CodeLiteSourceCodeAccess
LogPluginManager: Mounting plugin GitSourceControl
LogPluginManager: Mounting plugin KDevelopSourceCodeAccess
LogPluginManager: Mounting plugin NullSourceCodeAccess
LogPluginManager: Mounting plugin PerforceSourceControl
LogPluginManager: Mounting plugin PixWinPlugin
LogPluginManager: Mounting plugin PlasticSourceControl
LogPluginManager: Mounting plugin PluginUtils
LogPluginManager: Mounting plugin PropertyAccessNode
LogPluginManager: Mounting plugin RiderSourceCodeAccess
LogPluginManager: Mounting plugin TextureFormatOodle
LogPluginManager: Mounting plugin SubversionSourceControl
LogPluginManager: Mounting plugin UObjectPlugin
LogPluginManager: Mounting plugin VisualStudioCodeSourceCodeAccess
LogPluginManager: Mounting plugin VisualStudioSourceCodeAccess
LogPluginManager: Mounting plugin XCodeSourceCodeAccess
LogPluginManager: Mounting plugin AlembicImporter
LogPluginManager: Mounting plugin BackChannel
LogPluginManager: Mounting plugin AutomationUtils
LogPluginManager: Mounting plugin ChaosCloth
LogPluginManager: Mounting plugin ChaosClothEditor
LogPluginManager: Mounting plugin ChaosEditor
LogPluginManager: Mounting plugin ChaosNiagara
LogPluginManager: Mounting plugin ChaosSolverPlugin
LogPluginManager: Mounting plugin DatasmithContent
LogPluginManager: Mounting plugin AssetManagerEditor
LogPluginManager: Mounting plugin CharacterAI
LogPluginManager: Mounting plugin GeometryCache
LogPluginManager: Mounting plugin GeometryCollectionPlugin
LogPluginManager: Mounting plugin LuminPlatformFeatures
LogPluginManager: Mounting plugin VariantManagerContent
LogPluginManager: Mounting plugin MagicLeap
LogPluginManager: Mounting plugin CryptoKeys
LogPluginManager: Mounting plugin CurveEditorTools
LogPluginManager: Mounting plugin DataValidation
LogPluginManager: Mounting plugin MagicLeapLightEstimation
LogPluginManager: Mounting plugin FacialAnimation
LogPluginManager: Mounting plugin MagicLeapMedia
LogPluginManager: Mounting plugin GameplayTagsEditor
LogPluginManager: Mounting plugin Niagara
LogPluginManager: Mounting plugin MagicLeapPassableWorld
LogPluginManager: Mounting plugin GeometryMode
LogPluginManager: Mounting plugin MacGraphicsSwitching
LogPluginManager: Mounting plugin MaterialAnalyzer
LogPluginManager: Mounting plugin MLSDK
LogPluginManager: Mounting plugin MobileLauncherProfileWizard
LogPluginManager: Mounting plugin PluginBrowser
LogPluginManager: Mounting plugin SpeedTreeImporter
LogPluginManager: Mounting plugin GeometryProcessing
LogPluginManager: Mounting plugin MotoSynth
LogPluginManager: Mounting plugin OpenImageDenoise
LogPluginManager: Mounting plugin PlanarCut
LogPluginManager: Mounting plugin ProxyLODPlugin
LogPluginManager: Mounting plugin PlatformCrypto
LogPluginManager: Mounting plugin PythonScriptPlugin
LogPluginManager: Mounting plugin SkeletalReduction
LogPluginManager: Mounting plugin ActorSequence
LogPluginManager: Mounting plugin TcpMessaging
LogPluginManager: Mounting plugin UdpMessaging
LogPluginManager: Mounting plugin LevelSequenceEditor
LogPluginManager: Mounting plugin MatineeToLevelSequence
LogPluginManager: Mounting plugin TemplateSequence
LogPluginManager: Mounting plugin AndroidMedia
LogPluginManager: Mounting plugin AvfMedia
LogPluginManager: Mounting plugin ImgMedia
LogPluginManager: Mounting plugin MediaCompositing
LogPluginManager: Mounting plugin MediaPlayerEditor
LogPluginManager: Mounting plugin WebMMedia
LogPluginManager: Mounting plugin WmfMedia
LogPluginManager: Mounting plugin OnlineSubsystem
LogPluginManager: Mounting plugin OnlineSubsystemNull
LogPluginManager: Mounting plugin OnlineSubsystemUtils
LogPluginManager: Mounting plugin LauncherChunkInstaller
LogPluginManager: Mounting plugin ScreenshotTools
LogPluginManager: Mounting plugin ActorLayerUtilities
LogPluginManager: Mounting plugin AndroidDeviceProfileSelector
LogPluginManager: Mounting plugin AndroidMoviePlayer
LogPluginManager: Mounting plugin AndroidPermission
LogPluginManager: Mounting plugin AppleImageUtils
LogPluginManager: Mounting plugin ArchVisCharacter
LogPluginManager: Mounting plugin AppleMoviePlayer
LogPluginManager: Mounting plugin AssetTags
LogPluginManager: Mounting plugin AudioCapture
LogPluginManager: Mounting plugin AudioSynesthesia
LogPluginManager: Mounting plugin CableComponent
LogPluginManager: Mounting plugin ChunkDownloader
LogPluginManager: Mounting plugin CustomMeshComponent
LogPluginManager: Mounting plugin ExampleDeviceProfileSelector
LogPluginManager: Mounting plugin EditableMesh
LogPluginManager: Mounting plugin GoogleCloudMessaging
LogPluginManager: Mounting plugin GooglePAD
LogPluginManager: Mounting plugin Takes
LogPluginManager: Mounting plugin IOSDeviceProfileSelector
LogPluginManager: Mounting plugin LinuxDeviceProfileSelector
LogPluginManager: Mounting plugin LocationServicesBPLibrary
LogPluginManager: Mounting plugin MobilePatchingUtils
LogPluginManager: Mounting plugin OpenXR
LogPluginManager: Mounting plugin OpenXREyeTracker
LogPluginManager: Mounting plugin OpenXRHandTracking
LogPluginManager: Mounting plugin PhysXVehicles
LogPluginManager: Mounting plugin PostSplashScreen
LogPluginManager: Mounting plugin ProceduralMeshComponent
LogPluginManager: Mounting plugin PropertyAccessEditor
LogPluginManager: Mounting plugin RuntimePhysXCooking
LogPluginManager: Mounting plugin SignificanceManager
LogPluginManager: Mounting plugin SoundFields
LogPluginManager: Mounting plugin Synthesis
LogPluginManager: Mounting plugin WebMMoviePlayer
LogPluginManager: Mounting plugin WindowsMoviePlayer
LogPluginManager: Mounting plugin ContentBrowserClassDataSource
LogPluginManager: Mounting plugin ContentBrowserAssetDataSource
LogPluginManager: Mounting plugin ContentBrowserFileDataSource
LogPluginManager: Mounting plugin OnlineSubsystemGooglePlay
LogPluginManager: Mounting plugin OnlineSubsystemIOS
LogPluginManager: Mounting plugin OculusVR
LogPluginManager: Mounting plugin SteamVR
PixWinPlugin: PIX capture plugin failed to initialize! Check that the process is launched from PIX.
LogInit: Using libcurl 7.55.1-DEV
LogInit:  - built for x86_64-pc-win32
LogInit:  - supports SSL with OpenSSL/1.1.1
LogInit:  - supports HTTP deflate (compression) using libz 1.2.8
LogInit:  - other features:
LogInit:      CURL_VERSION_SSL
LogInit:      CURL_VERSION_LIBZ
LogInit:      CURL_VERSION_IPV6
LogInit:      CURL_VERSION_ASYNCHDNS
LogInit:      CURL_VERSION_LARGEFILE
LogInit:      CURL_VERSION_IDN
LogInit:  CurlRequestOptions (configurable via config and command line):
LogInit:  - bVerifyPeer = true  - Libcurl will verify peer certificate
LogInit:  - bUseHttpProxy = false  - Libcurl will NOT use HTTP proxy
LogInit:  - bDontReuseConnections = false  - Libcurl will reuse connections
LogInit:  - MaxHostConnections = 16  - Libcurl will limit the number of connections to a host
LogInit:  - LocalHostAddr = Default
LogInit:  - BufferSize = 65536
LogOnline: OSS: Creating online subsystem instance for: NULL
LogInit: WinSock: version 1.1 (2.2), MaxSocks=32767, MaxUdp=65467
LogOnline: OSS: TryLoadSubsystemAndSetDefault: Loaded subsystem for module [NULL]
LogOculusPluginWrapper: OculusPlugin initialized successfully
LogHMD: Failed initializing OVRPlugin 1.59.0
LogInit: Build: ++UE4+Release-4.27-CL-18319896
LogInit: Engine Version: 4.27.2-18319896+++UE4+Release-4.27
LogInit: Compatible Engine Version: 4.27.0-17155196+++UE4+Release-4.27
LogInit: Net CL: 17155196
LogInit: OS: Windows 10 (Release 2009) (), CPU: Intel(R) Core(TM) i7-6700HQ CPU @ 2.60GHz, GPU: Intel(R) HD Graphics 530
LogInit: Compiled (64-bit): Nov 30 2021 07:12:08
LogInit: Compiled with Visual C++: 19.24.28315.00
LogInit: Build Configuration: Development
LogInit: Branch Name: ++UE4+Release-4.27
LogInit: Command Line: 
LogInit: Base Directory: D:/Unreal engine/UE_4.27/Engine/Binaries/Win64/
LogInit: Allocator: TBB
LogInit: Installed Engine Build: 1
LogDevObjectVersion: Number of dev versions registered: 29
LogDevObjectVersion:   Dev-Blueprints (B0D832E4-1F89-4F0D-ACCF-7EB736FD4AA2): 10
LogDevObjectVersion:   Dev-Build (E1C64328-A22C-4D53-A36C-8E866417BD8C): 0
LogDevObjectVersion:   Dev-Core (375EC13C-06E4-48FB-B500-84F0262A717E): 4
LogDevObjectVersion:   Dev-Editor (E4B068ED-F494-42E9-A231-DA0B2E46BB41): 40
LogDevObjectVersion:   Dev-Framework (CFFC743F-43B0-4480-9391-14DF171D2073): 37
LogDevObjectVersion:   Dev-Mobile (B02B49B5-BB20-44E9-A304-32B752E40360): 3
LogDevObjectVersion:   Dev-Networking (A4E4105C-59A1-49B5-A7C5-40C4547EDFEE): 0
LogDevObjectVersion:   Dev-Online (39C831C9-5AE6-47DC-9A44-9C173E1C8E7C): 0
LogDevObjectVersion:   Dev-Physics (78F01B33-EBEA-4F98-B9B4-84EACCB95AA2): 14
LogDevObjectVersion:   Dev-Platform (6631380F-2D4D-43E0-8009-CF276956A95A): 0
LogDevObjectVersion:   Dev-Rendering (12F88B9F-8875-4AFC-A67C-D90C383ABD29): 45
LogDevObjectVersion:   Dev-Sequencer (7B5AE74C-D270-4C10-A958-57980B212A5A): 13
LogDevObjectVersion:   Dev-VR (D7296918-1DD6-4BDD-9DE2-64A83CC13884): 3
LogDevObjectVersion:   Dev-LoadTimes (C2A15278-BFE7-4AFE-6C17-90FF531DF755): 1
LogDevObjectVersion:   Private-Geometry (6EACA3D4-40EC-4CC1-B786-8BED09428FC5): 3
LogDevObjectVersion:   Dev-AnimPhys (29E575DD-E0A3-4627-9D10-D276232CDCEA): 17
LogDevObjectVersion:   Dev-Anim (AF43A65D-7FD3-4947-9873-3E8ED9C1BB05): 15
LogDevObjectVersion:   Dev-ReflectionCapture (6B266CEC-1EC7-4B8F-A30B-E4D90942FC07): 1
LogDevObjectVersion:   Dev-Automation (0DF73D61-A23F-47EA-B727-89E90C41499A): 1
LogDevObjectVersion:   FortniteMain (601D1886-AC64-4F84-AA16-D3DE0DEAC7D6): 47
LogDevObjectVersion:   FortniteRelease (E7086368-6B23-4C58-8439-1B7016265E91): 1
LogDevObjectVersion:   Dev-Enterprise (9DFFBCD6-494F-0158-E221-12823C92A888): 10
LogDevObjectVersion:   Dev-Niagara (F2AED0AC-9AFE-416F-8664-AA7FFA26D6FC): 1
LogDevObjectVersion:   Dev-Destruction (174F1F0B-B4C6-45A5-B13F-2EE8D0FB917D): 10
LogDevObjectVersion:   Dev-Physics-Ext (35F94A83-E258-406C-A318-09F59610247C): 41
LogDevObjectVersion:   Dev-PhysicsMaterial-Chaos (B68FC16E-8B1B-42E2-B453-215C058844FE): 1
LogDevObjectVersion:   Dev-CineCamera (B2E18506-4273-CFC2-A54E-F4BB758BBA07): 1
LogDevObjectVersion:   Dev-VirtualProduction (64F58936-FD1B-42BA-BA96-7289D5D0FA4E): 1
LogDevObjectVersion:   Dev-MediaFramework (6F0ED827-A609-4895-9C91-998D90180EA4): 2
LogInit: Presizing for max 25165824 objects, including 0 objects not considered by GC, pre-allocating 0 bytes for permanent pool.
LogConfig: Applying CVar settings from Section [/Script/Engine.StreamingSettings] File [D:/Project_clone/Unreal-engine-first-project/Saved/Config/Windows/Engine.ini]
LogConfig: Setting CVar [[s.MinBulkDataSizeForAsyncLoading:131072]]
LogConfig: Setting CVar [[s.AsyncLoadingThreadEnabled:0]]
LogConfig: Setting CVar [[s.EventDrivenLoaderEnabled:1]]
LogConfig: Setting CVar [[s.WarnIfTimeLimitExceeded:0]]
LogConfig: Setting CVar [[s.TimeLimitExceededMultiplier:1.5]]
LogConfig: Setting CVar [[s.TimeLimitExceededMinTime:0.005]]
LogConfig: Setting CVar [[s.UseBackgroundLevelStreaming:1]]
LogConfig: Setting CVar [[s.PriorityAsyncLoadingExtraTime:15.0]]
LogConfig: Setting CVar [[s.LevelStreamingActorsUpdateTimeLimit:5.0]]
LogConfig: Setting CVar [[s.PriorityLevelStreamingActorsUpdateExtraTime:5.0]]
LogConfig: Setting CVar [[s.LevelStreamingComponentsRegistrationGranularity:10]]
LogConfig: Setting CVar [[s.UnregisterComponentsTimeLimit:1.0]]
LogConfig: Setting CVar [[s.LevelStreamingComponentsUnregistrationGranularity:5]]
LogConfig: Setting CVar [[s.FlushStreamingOnExit:1]]
LogInit: Object subsystem initialized
LogConfig: Setting CVar [[con.DebugEarlyDefault:1]]
LogConfig: Setting CVar [[r.setres:1280x720]]
[2024.06.12-18.30.50:185][  0]LogConfig: Setting CVar [[r.VSync:0]]
[2024.06.12-18.30.50:185][  0]LogConfig: Setting CVar [[r.RHICmdBypass:0]]
[2024.06.12-18.30.50:185][  0]LogConfig: Applying CVar settings from Section [/Script/Engine.RendererSettings] File [D:/Project_clone/Unreal-engine-first-project/Saved/Config/Windows/Engine.ini]
[2024.06.12-18.30.50:185][  0]LogConfig: Setting CVar [[r.GPUCrashDebugging:0]]
[2024.06.12-18.30.50:185][  0]LogConfig: Applying CVar settings from Section [/Script/Engine.RendererOverrideSettings] File [D:/Project_clone/Unreal-engine-first-project/Saved/Config/Windows/Engine.ini]
[2024.06.12-18.30.50:185][  0]LogConfig: Applying CVar settings from Section [/Script/Engine.StreamingSettings] File [D:/Project_clone/Unreal-engine-first-project/Saved/Config/Windows/Engine.ini]
[2024.06.12-18.30.50:185][  0]LogConfig: Setting CVar [[s.MinBulkDataSizeForAsyncLoading:131072]]
[2024.06.12-18.30.50:185][  0]LogConfig: Setting CVar [[s.AsyncLoadingThreadEnabled:0]]
[2024.06.12-18.30.50:185][  0]LogConfig: Setting CVar [[s.EventDrivenLoaderEnabled:1]]
[2024.06.12-18.30.50:185][  0]LogConfig: Setting CVar [[s.WarnIfTimeLimitExceeded:0]]
[2024.06.12-18.30.50:185][  0]LogConfig: Setting CVar [[s.TimeLimitExceededMultiplier:1.5]]
[2024.06.12-18.30.50:185][  0]LogConfig: Setting CVar [[s.TimeLimitExceededMinTime:0.005]]
[2024.06.12-18.30.50:185][  0]LogConfig: Setting CVar [[s.UseBackgroundLevelStreaming:1]]
[2024.06.12-18.30.50:185][  0]LogConfig: Setting CVar [[s.PriorityAsyncLoadingExtraTime:15.0]]
[2024.06.12-18.30.50:185][  0]LogConfig: Setting CVar [[s.LevelStreamingActorsUpdateTimeLimit:5.0]]
[2024.06.12-18.30.50:185][  0]LogConfig: Setting CVar [[s.PriorityLevelStreamingActorsUpdateExtraTime:5.0]]
[2024.06.12-18.30.50:185][  0]LogConfig: Setting CVar [[s.LevelStreamingComponentsRegistrationGranularity:10]]
[2024.06.12-18.30.50:185][  0]LogConfig: Setting CVar [[s.UnregisterComponentsTimeLimit:1.0]]
[2024.06.12-18.30.50:185][  0]LogConfig: Setting CVar [[s.LevelStreamingComponentsUnregistrationGranularity:5]]
[2024.06.12-18.30.50:185][  0]LogConfig: Setting CVar [[s.FlushStreamingOnExit:1]]
[2024.06.12-18.30.50:186][  0]LogConfig: Applying CVar settings from Section [/Script/Engine.GarbageCollectionSettings] File [D:/Project_clone/Unreal-engine-first-project/Saved/Config/Windows/Engine.ini]
[2024.06.12-18.30.50:186][  0]LogConfig: Setting CVar [[gc.MaxObjectsNotConsideredByGC:1]]
[2024.06.12-18.30.50:186][  0]LogConfig: Setting CVar [[gc.SizeOfPermanentObjectPool:0]]
[2024.06.12-18.30.50:186][  0]LogConfig: Setting CVar [[gc.FlushStreamingOnGC:0]]
[2024.06.12-18.30.50:186][  0]LogConfig: Setting CVar [[gc.NumRetriesBeforeForcingGC:10]]
[2024.06.12-18.30.50:186][  0]LogConfig: Setting CVar [[gc.AllowParallelGC:1]]
[2024.06.12-18.30.50:186][  0]LogConfig: Setting CVar [[gc.TimeBetweenPurgingPendingKillObjects:61.1]]
[2024.06.12-18.30.50:186][  0]LogConfig: Setting CVar [[gc.MaxObjectsInEditor:25165824]]
[2024.06.12-18.30.50:186][  0]LogConfig: Setting CVar [[gc.IncrementalBeginDestroyEnabled:1]]
[2024.06.12-18.30.50:186][  0]LogConfig: Setting CVar [[gc.CreateGCClusters:1]]
[2024.06.12-18.30.50:186][  0]LogConfig: Setting CVar [[gc.MinGCClusterSize:5]]
[2024.06.12-18.30.50:186][  0]LogConfig: Setting CVar [[gc.ActorClusteringEnabled:0]]
[2024.06.12-18.30.50:186][  0]LogConfig: Setting CVar [[gc.BlueprintClusteringEnabled:0]]
[2024.06.12-18.30.50:186][  0]LogConfig: Setting CVar [[gc.UseDisregardForGCOnDedicatedServers:0]]
[2024.06.12-18.30.50:186][  0]LogConfig: Setting CVar [[gc.MultithreadedDestructionEnabled:1]]
[2024.06.12-18.30.50:186][  0]LogConfig: Applying CVar settings from Section [/Script/Engine.NetworkSettings] File [D:/Project_clone/Unreal-engine-first-project/Saved/Config/Windows/Engine.ini]
[2024.06.12-18.30.50:186][  0]LogConfig: Applying CVar settings from Section [/Script/UnrealEd.CookerSettings] File [D:/Project_clone/Unreal-engine-first-project/Saved/Config/Windows/Engine.ini]
[2024.06.12-18.30.50:193][  0]LogConfig: Applying CVar settings from Section [ViewDistanceQuality@3] File [D:/Project_clone/Unreal-engine-first-project/Saved/Config/Windows/Scalability.ini]
[2024.06.12-18.30.50:193][  0]LogConfig: Setting CVar [[r.SkeletalMeshLODBias:0]]
[2024.06.12-18.30.50:194][  0]LogConfig: Setting CVar [[r.ViewDistanceScale:1.0]]
[2024.06.12-18.30.50:194][  0]LogConfig: Applying CVar settings from Section [AntiAliasingQuality@3] File [D:/Project_clone/Unreal-engine-first-project/Saved/Config/Windows/Scalability.ini]
[2024.06.12-18.30.50:194][  0]LogConfig: Setting CVar [[r.PostProcessAAQuality:4]]
[2024.06.12-18.30.50:194][  0]LogConfig: Applying CVar settings from Section [ShadowQuality@3] File [D:/Project_clone/Unreal-engine-first-project/Saved/Config/Windows/Scalability.ini]
[2024.06.12-18.30.50:194][  0]LogConfig: Setting CVar [[r.LightFunctionQuality:1]]
[2024.06.12-18.30.50:194][  0]LogConfig: Setting CVar [[r.ShadowQuality:5]]
[2024.06.12-18.30.50:194][  0]LogConfig: Setting CVar [[r.Shadow.CSM.MaxCascades:10]]
[2024.06.12-18.30.50:194][  0]LogConfig: Setting CVar [[r.Shadow.MaxResolution:2048]]
[2024.06.12-18.30.50:194][  0]LogConfig: Setting CVar [[r.Shadow.MaxCSMResolution:2048]]
[2024.06.12-18.30.50:194][  0]LogConfig: Setting CVar [[r.Shadow.RadiusThreshold:0.01]]
[2024.06.12-18.30.50:194][  0]LogConfig: Setting CVar [[r.Shadow.DistanceScale:1.0]]
[2024.06.12-18.30.50:194][  0]LogConfig: Setting CVar [[r.Shadow.CSM.TransitionScale:1.0]]
[2024.06.12-18.30.50:194][  0]LogConfig: Setting CVar [[r.Shadow.PreShadowResolutionFactor:1.0]]
[2024.06.12-18.30.50:194][  0]LogConfig: Setting CVar [[r.DistanceFieldShadowing:1]]
[2024.06.12-18.30.50:194][  0]LogConfig: Setting CVar [[r.DistanceFieldAO:1]]
[2024.06.12-18.30.50:194][  0]LogConfig: Setting CVar [[r.AOQuality:2]]
[2024.06.12-18.30.50:194][  0]LogConfig: Setting CVar [[r.VolumetricFog:1]]
[2024.06.12-18.30.50:194][  0]LogConfig: Setting CVar [[r.VolumetricFog.GridPixelSize:8]]
[2024.06.12-18.30.50:194][  0]LogConfig: Setting CVar [[r.VolumetricFog.GridSizeZ:128]]
[2024.06.12-18.30.50:194][  0]LogConfig: Setting CVar [[r.VolumetricFog.HistoryMissSupersampleCount:4]]
[2024.06.12-18.30.50:194][  0]LogConfig: Setting CVar [[r.LightMaxDrawDistanceScale:1]]
[2024.06.12-18.30.50:194][  0]LogConfig: Setting CVar [[r.CapsuleShadows:1]]
[2024.06.12-18.30.50:194][  0]LogConfig: Applying CVar settings from Section [PostProcessQuality@3] File [D:/Project_clone/Unreal-engine-first-project/Saved/Config/Windows/Scalability.ini]
[2024.06.12-18.30.50:194][  0]LogConfig: Setting CVar [[r.MotionBlurQuality:4]]
[2024.06.12-18.30.50:194][  0]LogConfig: Setting CVar [[r.AmbientOcclusionMipLevelFactor:0.4]]
[2024.06.12-18.30.50:194][  0]LogConfig: Setting CVar [[r.AmbientOcclusionMaxQuality:100]]
[2024.06.12-18.30.50:194][  0]LogConfig: Setting CVar [[r.AmbientOcclusionLevels:-1]]
[2024.06.12-18.30.50:194][  0]LogConfig: Setting CVar [[r.AmbientOcclusionRadiusScale:1.0]]
[2024.06.12-18.30.50:194][  0]LogConfig: Setting CVar [[r.DepthOfFieldQuality:2]]
[2024.06.12-18.30.50:194][  0]LogConfig: Setting CVar [[r.RenderTargetPoolMin:400]]
[2024.06.12-18.30.50:194][  0]LogConfig: Setting CVar [[r.LensFlareQuality:2]]
[2024.06.12-18.30.50:194][  0]LogConfig: Setting CVar [[r.SceneColorFringeQuality:1]]
[2024.06.12-18.30.50:194][  0]LogConfig: Setting CVar [[r.EyeAdaptationQuality:2]]
[2024.06.12-18.30.50:194][  0]LogConfig: Setting CVar [[r.BloomQuality:5]]
[2024.06.12-18.30.50:194][  0]LogConfig: Setting CVar [[r.FastBlurThreshold:100]]
[2024.06.12-18.30.50:194][  0]LogConfig: Setting CVar [[r.Upscale.Quality:3]]
[2024.06.12-18.30.50:194][  0]LogConfig: Setting CVar [[r.Tonemapper.GrainQuantization:1]]
[2024.06.12-18.30.50:194][  0]LogConfig: Setting CVar [[r.LightShaftQuality:1]]
[2024.06.12-18.30.50:194][  0]LogConfig: Setting CVar [[r.Filter.SizeScale:1]]
[2024.06.12-18.30.50:194][  0]LogConfig: Setting CVar [[r.Tonemapper.Quality:5]]
[2024.06.12-18.30.50:194][  0]LogConfig: Setting CVar [[r.DOF.Gather.AccumulatorQuality:1        ; higher gathering accumulator quality]]
[2024.06.12-18.30.50:194][  0]LogConfig: Setting CVar [[r.DOF.Gather.PostfilterMethod:1          ; Median3x3 postfilering method]]
[2024.06.12-18.30.50:194][  0]LogConfig: Setting CVar [[r.DOF.Gather.EnableBokehSettings:0       ; no bokeh simulation when gathering]]
[2024.06.12-18.30.50:194][  0]LogConfig: Setting CVar [[r.DOF.Gather.RingCount:4                 ; medium number of samples when gathering]]
[2024.06.12-18.30.50:194][  0]LogConfig: Setting CVar [[r.DOF.Scatter.ForegroundCompositing:1    ; additive foreground scattering]]
[2024.06.12-18.30.50:194][  0]LogConfig: Setting CVar [[r.DOF.Scatter.BackgroundCompositing:2    ; additive background scattering]]
[2024.06.12-18.30.50:194][  0]LogConfig: Setting CVar [[r.DOF.Scatter.EnableBokehSettings:1      ; bokeh simulation when scattering]]
[2024.06.12-18.30.50:194][  0]LogConfig: Setting CVar [[r.DOF.Scatter.MaxSpriteRatio:0.1         ; only a maximum of 10% of scattered bokeh]]
[2024.06.12-18.30.50:194][  0]LogConfig: Setting CVar [[r.DOF.Recombine.Quality:1                ; cheap slight out of focus]]
[2024.06.12-18.30.50:194][  0]LogConfig: Setting CVar [[r.DOF.Recombine.EnableBokehSettings:0    ; no bokeh simulation on slight out of focus]]
[2024.06.12-18.30.50:194][  0]LogConfig: Setting CVar [[r.DOF.TemporalAAQuality:1                ; more stable temporal accumulation]]
[2024.06.12-18.30.50:194][  0]LogConfig: Setting CVar [[r.DOF.Kernel.MaxForegroundRadius:0.025]]
[2024.06.12-18.30.50:194][  0]LogConfig: Setting CVar [[r.DOF.Kernel.MaxBackgroundRadius:0.025]]
[2024.06.12-18.30.50:194][  0]LogConfig: Applying CVar settings from Section [TextureQuality@3] File [D:/Project_clone/Unreal-engine-first-project/Saved/Config/Windows/Scalability.ini]
[2024.06.12-18.30.50:194][  0]LogConfig: Setting CVar [[r.Streaming.MipBias:0]]
[2024.06.12-18.30.50:194][  0]LogConfig: Setting CVar [[r.Streaming.AmortizeCPUToGPUCopy:0]]
[2024.06.12-18.30.50:194][  0]LogConfig: Setting CVar [[r.Streaming.MaxNumTexturesToStreamPerFrame:0]]
[2024.06.12-18.30.50:194][  0]LogConfig: Setting CVar [[r.Streaming.Boost:1]]
[2024.06.12-18.30.50:194][  0]LogConfig: Setting CVar [[r.MaxAnisotropy:8]]
[2024.06.12-18.30.50:194][  0]LogConfig: Setting CVar [[r.VT.MaxAnisotropy:8]]
[2024.06.12-18.30.50:194][  0]LogConfig: Setting CVar [[r.Streaming.LimitPoolSizeToVRAM:0]]
[2024.06.12-18.30.50:194][  0]LogConfig: Setting CVar [[r.Streaming.PoolSize:1000]]
[2024.06.12-18.30.50:195][  0]LogConfig: Setting CVar [[r.Streaming.MaxEffectiveScreenSize:0]]
[2024.06.12-18.30.50:195][  0]LogConfig: Applying CVar settings from Section [EffectsQuality@3] File [D:/Project_clone/Unreal-engine-first-project/Saved/Config/Windows/Scalability.ini]
[2024.06.12-18.30.50:195][  0]LogConfig: Setting CVar [[r.TranslucencyLightingVolumeDim:64]]
[2024.06.12-18.30.50:195][  0]LogConfig: Setting CVar [[r.RefractionQuality:2]]
[2024.06.12-18.30.50:195][  0]LogConfig: Setting CVar [[r.SSR.Quality:3]]
[2024.06.12-18.30.50:195][  0]LogConfig: Setting CVar [[r.SSR.HalfResSceneColor:0]]
[2024.06.12-18.30.50:195][  0]LogConfig: Setting CVar [[r.SceneColorFormat:4]]
[2024.06.12-18.30.50:195][  0]LogConfig: Setting CVar [[r.DetailMode:2]]
[2024.06.12-18.30.50:195][  0]LogConfig: Setting CVar [[r.TranslucencyVolumeBlur:1]]
[2024.06.12-18.30.50:195][  0]LogConfig: Setting CVar [[r.MaterialQualityLevel:1 ; High quality]]
[2024.06.12-18.30.50:195][  0]LogConfig: Setting CVar [[r.AnisotropicMaterials:1]]
[2024.06.12-18.30.50:195][  0]LogConfig: Setting CVar [[r.SSS.Scale:1]]
[2024.06.12-18.30.50:195][  0]LogConfig: Setting CVar [[r.SSS.SampleSet:2]]
[2024.06.12-18.30.50:195][  0]LogConfig: Setting CVar [[r.SSS.Quality:1]]
[2024.06.12-18.30.50:195][  0]LogConfig: Setting CVar [[r.SSS.HalfRes:0]]
[2024.06.12-18.30.50:195][  0]LogConfig: Setting CVar [[r.SSGI.Quality:3]]
[2024.06.12-18.30.50:195][  0]LogConfig: Setting CVar [[r.EmitterSpawnRateScale:1.0]]
[2024.06.12-18.30.50:195][  0]LogConfig: Setting CVar [[r.ParticleLightQuality:2]]
[2024.06.12-18.30.50:195][  0]LogConfig: Setting CVar [[r.SkyAtmosphere.AerialPerspectiveLUT.FastApplyOnOpaque:1 ; Always have FastSkyLUT 1 in this case to avoid wrong sky]]
[2024.06.12-18.30.50:195][  0]LogConfig: Setting CVar [[r.SkyAtmosphere.AerialPerspectiveLUT.SampleCountMaxPerSlice:4]]
[2024.06.12-18.30.50:195][  0]LogConfig: Setting CVar [[r.SkyAtmosphere.AerialPerspectiveLUT.DepthResolution:16.0]]
[2024.06.12-18.30.50:195][  0]LogConfig: Setting CVar [[r.SkyAtmosphere.FastSkyLUT:1]]
[2024.06.12-18.30.50:195][  0]LogConfig: Setting CVar [[r.SkyAtmosphere.FastSkyLUT.SampleCountMin:4.0]]
[2024.06.12-18.30.50:195][  0]LogConfig: Setting CVar [[r.SkyAtmosphere.FastSkyLUT.SampleCountMax:128.0]]
[2024.06.12-18.30.50:195][  0]LogConfig: Setting CVar [[r.SkyAtmosphere.SampleCountMin:4.0]]
[2024.06.12-18.30.50:195][  0]LogConfig: Setting CVar [[r.SkyAtmosphere.SampleCountMax:128.0]]
[2024.06.12-18.30.50:195][  0]LogConfig: Setting CVar [[r.SkyAtmosphere.TransmittanceLUT.UseSmallFormat:0]]
[2024.06.12-18.30.50:195][  0]LogConfig: Setting CVar [[r.SkyAtmosphere.TransmittanceLUT.SampleCount:10.0]]
[2024.06.12-18.30.50:195][  0]LogConfig: Setting CVar [[r.SkyAtmosphere.MultiScatteringLUT.SampleCount:15.0]]
[2024.06.12-18.30.50:195][  0]LogConfig: Setting CVar [[r.SkyLight.RealTimeReflectionCapture:1]]
[2024.06.12-18.30.50:195][  0]LogConfig: Applying CVar settings from Section [FoliageQuality@3] File [D:/Project_clone/Unreal-engine-first-project/Saved/Config/Windows/Scalability.ini]
[2024.06.12-18.30.50:195][  0]LogConfig: Setting CVar [[foliage.DensityScale:1.0]]
[2024.06.12-18.30.50:195][  0]LogConfig: Setting CVar [[grass.DensityScale:1.0]]
[2024.06.12-18.30.50:195][  0]LogConfig: Applying CVar settings from Section [ShadingQuality@3] File [D:/Project_clone/Unreal-engine-first-project/Saved/Config/Windows/Scalability.ini]
[2024.06.12-18.30.50:195][  0]LogConfig: Setting CVar [[r.HairStrands.SkyLighting.IntegrationType:2]]
[2024.06.12-18.30.50:195][  0]LogConfig: Setting CVar [[r.HairStrands.SkyAO.SampleCount:4]]
[2024.06.12-18.30.50:195][  0]LogConfig: Setting CVar [[r.HairStrands.Visibility.MSAA.SamplePerPixel:4]]
[2024.06.12-18.30.50:195][  0]LogInit: Selected Device Profile: [Windows]
[2024.06.12-18.30.50:195][  0]LogInit: Applying CVar settings loaded from the selected device profile: [Windows]
[2024.06.12-18.30.50:195][  0]LogHAL: Display: Platform has ~ 16 GB [16999292928 / 17179869184 / 16], which maps to Larger [LargestMinGB=32, LargerMinGB=12, DefaultMinGB=8, SmallerMinGB=6, SmallestMinGB=0)
[2024.06.12-18.30.50:195][  0]LogInit: Going up to parent DeviceProfile []
[2024.06.12-18.30.50:195][  0]LogConfig: Applying CVar settings from Section [ViewDistanceQuality@3] File [D:/Project_clone/Unreal-engine-first-project/Saved/Config/Windows/Scalability.ini]
[2024.06.12-18.30.50:195][  0]LogConfig: Setting CVar [[r.SkeletalMeshLODBias:0]]
[2024.06.12-18.30.50:195][  0]LogConfig: Setting CVar [[r.ViewDistanceScale:1.0]]
[2024.06.12-18.30.50:195][  0]LogConfig: Applying CVar settings from Section [AntiAliasingQuality@3] File [D:/Project_clone/Unreal-engine-first-project/Saved/Config/Windows/Scalability.ini]
[2024.06.12-18.30.50:195][  0]LogConfig: Setting CVar [[r.PostProcessAAQuality:4]]
[2024.06.12-18.30.50:195][  0]LogConfig: Applying CVar settings from Section [ShadowQuality@3] File [D:/Project_clone/Unreal-engine-first-project/Saved/Config/Windows/Scalability.ini]
[2024.06.12-18.30.50:195][  0]LogConfig: Setting CVar [[r.LightFunctionQuality:1]]
[2024.06.12-18.30.50:195][  0]LogConfig: Setting CVar [[r.ShadowQuality:5]]
[2024.06.12-18.30.50:195][  0]LogConfig: Setting CVar [[r.Shadow.CSM.MaxCascades:10]]
[2024.06.12-18.30.50:195][  0]LogConfig: Setting CVar [[r.Shadow.MaxResolution:2048]]
[2024.06.12-18.30.50:195][  0]LogConfig: Setting CVar [[r.Shadow.MaxCSMResolution:2048]]
[2024.06.12-18.30.50:195][  0]LogConfig: Setting CVar [[r.Shadow.RadiusThreshold:0.01]]
[2024.06.12-18.30.50:195][  0]LogConfig: Setting CVar [[r.Shadow.DistanceScale:1.0]]
[2024.06.12-18.30.50:195][  0]LogConfig: Setting CVar [[r.Shadow.CSM.TransitionScale:1.0]]
[2024.06.12-18.30.50:195][  0]LogConfig: Setting CVar [[r.Shadow.PreShadowResolutionFactor:1.0]]
[2024.06.12-18.30.50:195][  0]LogConfig: Setting CVar [[r.DistanceFieldShadowing:1]]
[2024.06.12-18.30.50:195][  0]LogConfig: Setting CVar [[r.DistanceFieldAO:1]]
[2024.06.12-18.30.50:196][  0]LogConfig: Setting CVar [[r.AOQuality:2]]
[2024.06.12-18.30.50:196][  0]LogConfig: Setting CVar [[r.VolumetricFog:1]]
[2024.06.12-18.30.50:196][  0]LogConfig: Setting CVar [[r.VolumetricFog.GridPixelSize:8]]
[2024.06.12-18.30.50:196][  0]LogConfig: Setting CVar [[r.VolumetricFog.GridSizeZ:128]]
[2024.06.12-18.30.50:196][  0]LogConfig: Setting CVar [[r.VolumetricFog.HistoryMissSupersampleCount:4]]
[2024.06.12-18.30.50:196][  0]LogConfig: Setting CVar [[r.LightMaxDrawDistanceScale:1]]
[2024.06.12-18.30.50:196][  0]LogConfig: Setting CVar [[r.CapsuleShadows:1]]
[2024.06.12-18.30.50:196][  0]LogConfig: Applying CVar settings from Section [PostProcessQuality@3] File [D:/Project_clone/Unreal-engine-first-project/Saved/Config/Windows/Scalability.ini]
[2024.06.12-18.30.50:196][  0]LogConfig: Setting CVar [[r.MotionBlurQuality:4]]
[2024.06.12-18.30.50:196][  0]LogConfig: Setting CVar [[r.AmbientOcclusionMipLevelFactor:0.4]]
[2024.06.12-18.30.50:196][  0]LogConfig: Setting CVar [[r.AmbientOcclusionMaxQuality:100]]
[2024.06.12-18.30.50:196][  0]LogConfig: Setting CVar [[r.AmbientOcclusionLevels:-1]]
[2024.06.12-18.30.50:196][  0]LogConfig: Setting CVar [[r.AmbientOcclusionRadiusScale:1.0]]
[2024.06.12-18.30.50:196][  0]LogConfig: Setting CVar [[r.DepthOfFieldQuality:2]]
[2024.06.12-18.30.50:196][  0]LogConfig: Setting CVar [[r.RenderTargetPoolMin:400]]
[2024.06.12-18.30.50:196][  0]LogConfig: Setting CVar [[r.LensFlareQuality:2]]
[2024.06.12-18.30.50:196][  0]LogConfig: Setting CVar [[r.SceneColorFringeQuality:1]]
[2024.06.12-18.30.50:196][  0]LogConfig: Setting CVar [[r.EyeAdaptationQuality:2]]
[2024.06.12-18.30.50:196][  0]LogConfig: Setting CVar [[r.BloomQuality:5]]
[2024.06.12-18.30.50:196][  0]LogConfig: Setting CVar [[r.FastBlurThreshold:100]]
[2024.06.12-18.30.50:196][  0]LogConfig: Setting CVar [[r.Upscale.Quality:3]]
[2024.06.12-18.30.50:196][  0]LogConfig: Setting CVar [[r.Tonemapper.GrainQuantization:1]]
[2024.06.12-18.30.50:196][  0]LogConfig: Setting CVar [[r.LightShaftQuality:1]]
[2024.06.12-18.30.50:196][  0]LogConfig: Setting CVar [[r.Filter.SizeScale:1]]
[2024.06.12-18.30.50:196][  0]LogConfig: Setting CVar [[r.Tonemapper.Quality:5]]
[2024.06.12-18.30.50:196][  0]LogConfig: Setting CVar [[r.DOF.Gather.AccumulatorQuality:1        ; higher gathering accumulator quality]]
[2024.06.12-18.30.50:196][  0]LogConfig: Setting CVar [[r.DOF.Gather.PostfilterMethod:1          ; Median3x3 postfilering method]]
[2024.06.12-18.30.50:196][  0]LogConfig: Setting CVar [[r.DOF.Gather.EnableBokehSettings:0       ; no bokeh simulation when gathering]]
[2024.06.12-18.30.50:196][  0]LogConfig: Setting CVar [[r.DOF.Gather.RingCount:4                 ; medium number of samples when gathering]]
[2024.06.12-18.30.50:196][  0]LogConfig: Setting CVar [[r.DOF.Scatter.ForegroundCompositing:1    ; additive foreground scattering]]
[2024.06.12-18.30.50:196][  0]LogConfig: Setting CVar [[r.DOF.Scatter.BackgroundCompositing:2    ; additive background scattering]]
[2024.06.12-18.30.50:196][  0]LogConfig: Setting CVar [[r.DOF.Scatter.EnableBokehSettings:1      ; bokeh simulation when scattering]]
[2024.06.12-18.30.50:196][  0]LogConfig: Setting CVar [[r.DOF.Scatter.MaxSpriteRatio:0.1         ; only a maximum of 10% of scattered bokeh]]
[2024.06.12-18.30.50:196][  0]LogConfig: Setting CVar [[r.DOF.Recombine.Quality:1                ; cheap slight out of focus]]
[2024.06.12-18.30.50:196][  0]LogConfig: Setting CVar [[r.DOF.Recombine.EnableBokehSettings:0    ; no bokeh simulation on slight out of focus]]
[2024.06.12-18.30.50:196][  0]LogConfig: Setting CVar [[r.DOF.TemporalAAQuality:1                ; more stable temporal accumulation]]
[2024.06.12-18.30.50:196][  0]LogConfig: Setting CVar [[r.DOF.Kernel.MaxForegroundRadius:0.025]]
[2024.06.12-18.30.50:196][  0]LogConfig: Setting CVar [[r.DOF.Kernel.MaxBackgroundRadius:0.025]]
[2024.06.12-18.30.50:196][  0]LogConfig: Applying CVar settings from Section [TextureQuality@3] File [D:/Project_clone/Unreal-engine-first-project/Saved/Config/Windows/Scalability.ini]
[2024.06.12-18.30.50:196][  0]LogConfig: Setting CVar [[r.Streaming.MipBias:0]]
[2024.06.12-18.30.50:196][  0]LogConfig: Setting CVar [[r.Streaming.AmortizeCPUToGPUCopy:0]]
[2024.06.12-18.30.50:196][  0]LogConfig: Setting CVar [[r.Streaming.MaxNumTexturesToStreamPerFrame:0]]
[2024.06.12-18.30.50:196][  0]LogConfig: Setting CVar [[r.Streaming.Boost:1]]
[2024.06.12-18.30.50:196][  0]LogConfig: Setting CVar [[r.MaxAnisotropy:8]]
[2024.06.12-18.30.50:196][  0]LogConfig: Setting CVar [[r.VT.MaxAnisotropy:8]]
[2024.06.12-18.30.50:196][  0]LogConfig: Setting CVar [[r.Streaming.LimitPoolSizeToVRAM:0]]
[2024.06.12-18.30.50:196][  0]LogConfig: Setting CVar [[r.Streaming.PoolSize:1000]]
[2024.06.12-18.30.50:196][  0]LogConfig: Setting CVar [[r.Streaming.MaxEffectiveScreenSize:0]]
[2024.06.12-18.30.50:196][  0]LogConfig: Applying CVar settings from Section [EffectsQuality@3] File [D:/Project_clone/Unreal-engine-first-project/Saved/Config/Windows/Scalability.ini]
[2024.06.12-18.30.50:196][  0]LogConfig: Setting CVar [[r.TranslucencyLightingVolumeDim:64]]
[2024.06.12-18.30.50:196][  0]LogConfig: Setting CVar [[r.RefractionQuality:2]]
[2024.06.12-18.30.50:196][  0]LogConfig: Setting CVar [[r.SSR.Quality:3]]
[2024.06.12-18.30.50:196][  0]LogConfig: Setting CVar [[r.SSR.HalfResSceneColor:0]]
[2024.06.12-18.30.50:196][  0]LogConfig: Setting CVar [[r.SceneColorFormat:4]]
[2024.06.12-18.30.50:196][  0]LogConfig: Setting CVar [[r.DetailMode:2]]
[2024.06.12-18.30.50:196][  0]LogConfig: Setting CVar [[r.TranslucencyVolumeBlur:1]]
[2024.06.12-18.30.50:196][  0]LogConfig: Setting CVar [[r.MaterialQualityLevel:1 ; High quality]]
[2024.06.12-18.30.50:196][  0]LogConfig: Setting CVar [[r.AnisotropicMaterials:1]]
[2024.06.12-18.30.50:196][  0]LogConfig: Setting CVar [[r.SSS.Scale:1]]
[2024.06.12-18.30.50:196][  0]LogConfig: Setting CVar [[r.SSS.SampleSet:2]]
[2024.06.12-18.30.50:196][  0]LogConfig: Setting CVar [[r.SSS.Quality:1]]
[2024.06.12-18.30.50:196][  0]LogConfig: Setting CVar [[r.SSS.HalfRes:0]]
[2024.06.12-18.30.50:196][  0]LogConfig: Setting CVar [[r.SSGI.Quality:3]]
[2024.06.12-18.30.50:196][  0]LogConfig: Setting CVar [[r.EmitterSpawnRateScale:1.0]]
[2024.06.12-18.30.50:196][  0]LogConfig: Setting CVar [[r.ParticleLightQuality:2]]
[2024.06.12-18.30.50:196][  0]LogConfig: Setting CVar [[r.SkyAtmosphere.AerialPerspectiveLUT.FastApplyOnOpaque:1 ; Always have FastSkyLUT 1 in this case to avoid wrong sky]]
[2024.06.12-18.30.50:197][  0]LogConfig: Setting CVar [[r.SkyAtmosphere.AerialPerspectiveLUT.SampleCountMaxPerSlice:4]]
[2024.06.12-18.30.50:197][  0]LogConfig: Setting CVar [[r.SkyAtmosphere.AerialPerspectiveLUT.DepthResolution:16.0]]
[2024.06.12-18.30.50:197][  0]LogConfig: Setting CVar [[r.SkyAtmosphere.FastSkyLUT:1]]
[2024.06.12-18.30.50:197][  0]LogConfig: Setting CVar [[r.SkyAtmosphere.FastSkyLUT.SampleCountMin:4.0]]
[2024.06.12-18.30.50:197][  0]LogConfig: Setting CVar [[r.SkyAtmosphere.FastSkyLUT.SampleCountMax:128.0]]
[2024.06.12-18.30.50:197][  0]LogConfig: Setting CVar [[r.SkyAtmosphere.SampleCountMin:4.0]]
[2024.06.12-18.30.50:197][  0]LogConfig: Setting CVar [[r.SkyAtmosphere.SampleCountMax:128.0]]
[2024.06.12-18.30.50:197][  0]LogConfig: Setting CVar [[r.SkyAtmosphere.TransmittanceLUT.UseSmallFormat:0]]
[2024.06.12-18.30.50:197][  0]LogConfig: Setting CVar [[r.SkyAtmosphere.TransmittanceLUT.SampleCount:10.0]]
[2024.06.12-18.30.50:197][  0]LogConfig: Setting CVar [[r.SkyAtmosphere.MultiScatteringLUT.SampleCount:15.0]]
[2024.06.12-18.30.50:197][  0]LogConfig: Setting CVar [[r.SkyLight.RealTimeReflectionCapture:1]]
[2024.06.12-18.30.50:197][  0]LogConfig: Applying CVar settings from Section [FoliageQuality@3] File [D:/Project_clone/Unreal-engine-first-project/Saved/Config/Windows/Scalability.ini]
[2024.06.12-18.30.50:197][  0]LogConfig: Setting CVar [[foliage.DensityScale:1.0]]
[2024.06.12-18.30.50:197][  0]LogConfig: Setting CVar [[grass.DensityScale:1.0]]
[2024.06.12-18.30.50:197][  0]LogConfig: Applying CVar settings from Section [ShadingQuality@3] File [D:/Project_clone/Unreal-engine-first-project/Saved/Config/Windows/Scalability.ini]
[2024.06.12-18.30.50:197][  0]LogConfig: Setting CVar [[r.HairStrands.SkyLighting.IntegrationType:2]]
[2024.06.12-18.30.50:197][  0]LogConfig: Setting CVar [[r.HairStrands.SkyAO.SampleCount:4]]
[2024.06.12-18.30.50:197][  0]LogConfig: Setting CVar [[r.HairStrands.Visibility.MSAA.SamplePerPixel:4]]
[2024.06.12-18.30.50:197][  0]LogConfig: Applying CVar settings from Section [Startup] File [../../../Engine/Config/ConsoleVariables.ini]
[2024.06.12-18.30.50:197][  0]LogConfig: Setting CVar [[net.UseAdaptiveNetUpdateFrequency:0]]
[2024.06.12-18.30.50:197][  0]LogConfig: Setting CVar [[p.chaos.AllowCreatePhysxBodies:1]]
[2024.06.12-18.30.50:197][  0]LogConfig: Setting CVar [[fx.SkipVectorVMBackendOptimizations:1]]
[2024.06.12-18.30.50:197][  0]LogConfig: Applying CVar settings from Section [ConsoleVariables] File [D:/Project_clone/Unreal-engine-first-project/Saved/Config/Windows/Engine.ini]
[2024.06.12-18.30.50:197][  0]LogConfig: Applying CVar settings from Section [ConsoleVariables] File [D:/Project_clone/Unreal-engine-first-project/Saved/Config/Windows/Editor.ini]
[2024.06.12-18.30.50:197][  0]LogInit: Computer: DESKTOP-ECCVSJE
[2024.06.12-18.30.50:197][  0]LogInit: User: obadz
[2024.06.12-18.30.50:197][  0]LogInit: CPU Page size=4096, Cores=4
[2024.06.12-18.30.50:197][  0]LogInit: High frequency timer resolution =10.000000 MHz
[2024.06.12-18.30.50:197][  0]LogMemory: Memory total: Physical=15.8GB (16GB approx)
[2024.06.12-18.30.50:197][  0]LogMemory: Platform Memory Stats for Windows
[2024.06.12-18.30.50:197][  0]LogMemory: Process Physical Memory: 144.38 MB used, 144.38 MB peak
[2024.06.12-18.30.50:197][  0]LogMemory: Process Virtual Memory: 128.55 MB used, 128.55 MB peak
[2024.06.12-18.30.50:197][  0]LogMemory: Physical Memory: 8341.32 MB used,  7870.46 MB free, 16211.79 MB total
[2024.06.12-18.30.50:197][  0]LogMemory: Virtual Memory: 134210904.00 MB used,  6822.84 MB free, 134217728.00 MB total
[2024.06.12-18.30.50:203][  0]LogWindows: WindowsPlatformFeatures enabled
[2024.06.12-18.30.50:257][  0]LogInit: Physics initialised using underlying interface: PhysX
[2024.06.12-18.30.50:258][  0]LogInit: Using OS detected language (en-US).
[2024.06.12-18.30.50:258][  0]LogInit: Using OS detected locale (en-US).
[2024.06.12-18.30.50:260][  0]LogTextLocalizationManager: No specific localization for 'en-US' exists, so the 'en' localization will be used.
[2024.06.12-18.30.50:493][  0]LogInit: Setting process to per monitor DPI aware
[2024.06.12-18.30.50:525][  0]LogWindowsTextInputMethodSystem: Display: IME system deactivated.
[2024.06.12-18.30.50:584][  0]LogSlate: New Slate User Created.  User Index 0, Is Virtual User: 0
[2024.06.12-18.30.50:584][  0]LogSlate: Slate User Registered.  User Index 0, Is Virtual User: 0
[2024.06.12-18.30.50:763][  0]LogD3D11RHI: Loaded GFSDK_Aftermath_Lib.x64.dll
[2024.06.12-18.30.50:845][  0]LogHMD: Failed to initialize OpenVR with code 110
[2024.06.12-18.30.50:846][  0]LogD3D11RHI: D3D11 min allowed feature level: 11_0
[2024.06.12-18.30.50:846][  0]LogD3D11RHI: D3D11 max allowed feature level: 11_0
[2024.06.12-18.30.50:846][  0]LogD3D11RHI: D3D11 adapters:
[2024.06.12-18.30.50:995][  0]LogD3D11RHI:    0. 'NVIDIA GeForce GTX 960M' (Feature Level 11_0)
[2024.06.12-18.30.50:995][  0]LogD3D11RHI:       4055/0/8105 MB DedicatedVideo/DedicatedSystem/SharedSystem, Outputs:1, VendorId:0x10de
[2024.06.12-18.30.51:032][  0]LogD3D11RHI:    1. 'Intel(R) HD Graphics 530' (Feature Level 11_0)
[2024.06.12-18.30.51:033][  0]LogD3D11RHI:       128/0/8105 MB DedicatedVideo/DedicatedSystem/SharedSystem, Outputs:0, VendorId:0x8086
[2024.06.12-18.30.51:036][  0]LogD3D11RHI:    2. 'Microsoft Basic Render Driver' (Feature Level 11_0)
[2024.06.12-18.30.51:036][  0]LogD3D11RHI:       0/0/8105 MB DedicatedVideo/DedicatedSystem/SharedSystem, Outputs:0, VendorId:0x1414
[2024.06.12-18.30.51:036][  0]LogD3D11RHI: Chosen D3D11 Adapter:
[2024.06.12-18.30.51:036][  0]LogD3D11RHI:     Description : NVIDIA GeForce GTX 960M
[2024.06.12-18.30.51:036][  0]LogD3D11RHI:     VendorId    : 10de
[2024.06.12-18.30.51:036][  0]LogD3D11RHI:     DeviceId    : 139b
[2024.06.12-18.30.51:036][  0]LogD3D11RHI:     SubSysId    : 380217aa
[2024.06.12-18.30.51:036][  0]LogD3D11RHI:     Revision    : 00a2
[2024.06.12-18.30.51:036][  0]LogD3D11RHI:     DedicatedVideoMemory : 4252762112 bytes
[2024.06.12-18.30.51:036][  0]LogD3D11RHI:     DedicatedSystemMemory : 0 bytes
[2024.06.12-18.30.51:036][  0]LogD3D11RHI:     SharedSystemMemory : 8499646464 bytes
[2024.06.12-18.30.51:036][  0]LogD3D11RHI:     AdapterLuid : 0 59052
[2024.06.12-18.30.51:045][  0]LogD3D11RHI: Creating new Direct3DDevice
[2024.06.12-18.30.51:045][  0]LogD3D11RHI:     GPU DeviceId: 0x139b (for the marketing name, search the web for "GPU Device Id")
[2024.06.12-18.30.51:045][  0]LogWindows: EnumDisplayDevices:
[2024.06.12-18.30.51:045][  0]LogWindows:    0. 'Intel(R) HD Graphics 530' (P:1 D:1)
[2024.06.12-18.30.51:046][  0]LogWindows:    1. 'Intel(R) HD Graphics 530' (P:0 D:0)
[2024.06.12-18.30.51:046][  0]LogWindows:    2. 'Intel(R) HD Graphics 530' (P:0 D:0)
[2024.06.12-18.30.51:046][  0]LogWindows: DebugString: PrimaryIsNotTheChoosenAdapter PrimaryIsNotTheChoosenAdapter PrimaryIsNotTheChoosenAdapter FoundDriverCount:0 
[2024.06.12-18.30.51:046][  0]LogD3D11RHI:     Adapter Name: NVIDIA GeForce GTX 960M
[2024.06.12-18.30.51:046][  0]LogD3D11RHI:   Driver Version: Unknown (internal:Unknown, unified:Unknown)
[2024.06.12-18.30.51:046][  0]LogD3D11RHI:      Driver Date: Unknown
[2024.06.12-18.30.51:047][  0]LogRHI: Texture pool is 2839 MB (70% of 4055 MB)
[2024.06.12-18.30.51:047][  0]LogD3D11RHI: Creating D3DDevice using adapter:
[2024.06.12-18.30.51:047][  0]LogD3D11RHI:     Description : NVIDIA GeForce GTX 960M
[2024.06.12-18.30.51:047][  0]LogD3D11RHI:     VendorId    : 10de
[2024.06.12-18.30.51:047][  0]LogD3D11RHI:     DeviceId    : 139b
[2024.06.12-18.30.51:047][  0]LogD3D11RHI:     SubSysId    : 380217aa
[2024.06.12-18.30.51:047][  0]LogD3D11RHI:     Revision    : 00a2
[2024.06.12-18.30.51:047][  0]LogD3D11RHI:     DedicatedVideoMemory : 4252762112 bytes
[2024.06.12-18.30.51:047][  0]LogD3D11RHI:     DedicatedSystemMemory : 0 bytes
[2024.06.12-18.30.51:047][  0]LogD3D11RHI:     SharedSystemMemory : 8499646464 bytes
[2024.06.12-18.30.51:047][  0]LogD3D11RHI:     AdapterLuid : 0 59052
[2024.06.12-18.30.51:151][  0]LogD3D11RHI: RHI has support for 64 bit atomics
[2024.06.12-18.30.51:152][  0]LogD3D11RHI: Async texture creation enabled
[2024.06.12-18.30.51:174][  0]LogD3D11RHI: GPU Timing Frequency: 1000.000000 (Debug: 2 1)
[2024.06.12-18.30.51:240][  0]LogRHI: GeForceNow SDK initialized: 1
[2024.06.12-18.30.51:726][  0]LogTargetPlatformManager: Display: Loaded TargetPlatform 'AllDesktop'
[2024.06.12-18.30.51:752][  0]LogTargetPlatformManager: Display: Loaded TargetPlatform 'Android'
[2024.06.12-18.30.51:753][  0]LogTargetPlatformManager: Display: Loaded TargetPlatform 'Android_ASTC'
[2024.06.12-18.30.51:753][  0]LogTargetPlatformManager: Display: Loaded TargetPlatform 'Android_DXT'
[2024.06.12-18.30.51:753][  0]LogTargetPlatformManager: Display: Loaded TargetPlatform 'Android_ETC2'
[2024.06.12-18.30.51:753][  0]LogTargetPlatformManager: Display: Loaded TargetPlatform 'AndroidClient'
[2024.06.12-18.30.51:753][  0]LogTargetPlatformManager: Display: Loaded TargetPlatform 'Android_ASTCClient'
[2024.06.12-18.30.51:753][  0]LogTargetPlatformManager: Display: Loaded TargetPlatform 'Android_DXTClient'
[2024.06.12-18.30.51:753][  0]LogTargetPlatformManager: Display: Loaded TargetPlatform 'Android_ETC2Client'
[2024.06.12-18.30.51:753][  0]LogTargetPlatformManager: Display: Loaded TargetPlatform 'Android_Multi'
[2024.06.12-18.30.51:753][  0]LogTargetPlatformManager: Display: Loaded TargetPlatform 'Android_MultiClient'
[2024.06.12-18.30.51:773][  0]LogTargetPlatformManager: Display: Loaded TargetPlatform 'IOSClient'
[2024.06.12-18.30.51:773][  0]LogTargetPlatformManager: Display: Loaded TargetPlatform 'IOS'
[2024.06.12-18.30.51:785][  0]LogTargetPlatformManager: Display: Loaded TargetPlatform 'Linux'
[2024.06.12-18.30.51:794][  0]LogTargetPlatformManager: Display: Loaded TargetPlatform 'LinuxNoEditor'
[2024.06.12-18.30.51:803][  0]LogTargetPlatformManager: Display: Loaded TargetPlatform 'LinuxClient'
[2024.06.12-18.30.51:808][  0]LogTargetPlatformManager: Display: Loaded TargetPlatform 'LinuxServer'
[2024.06.12-18.30.51:820][  0]LogTargetPlatformManager: Display: Loaded TargetPlatform 'LinuxAArch64NoEditor'
[2024.06.12-18.30.51:825][  0]LogTargetPlatformManager: Display: Loaded TargetPlatform 'LinuxAArch64Client'
[2024.06.12-18.30.51:830][  0]LogTargetPlatformManager: Display: Loaded TargetPlatform 'LinuxAArch64Server'
[2024.06.12-18.30.51:856][  0]LogTargetPlatformManager: Display: Loaded TargetPlatform 'Lumin'
[2024.06.12-18.30.51:856][  0]LogTargetPlatformManager: Display: Loaded TargetPlatform 'LuminClient'
[2024.06.12-18.30.51:865][  0]LogTargetPlatformManager: Display: Loaded TargetPlatform 'MacNoEditor'
[2024.06.12-18.30.51:871][  0]LogTargetPlatformManager: Display: Loaded TargetPlatform 'Mac'
[2024.06.12-18.30.51:876][  0]LogTargetPlatformManager: Display: Loaded TargetPlatform 'MacClient'
[2024.06.12-18.30.51:881][  0]LogTargetPlatformManager: Display: Loaded TargetPlatform 'MacServer'
[2024.06.12-18.30.51:895][  0]LogTargetPlatformManager: Display: Loaded TargetPlatform 'TVOSClient'
[2024.06.12-18.30.51:895][  0]LogTargetPlatformManager: Display: Loaded TargetPlatform 'TVOS'
[2024.06.12-18.30.51:910][  0]LogTargetPlatformManager: Display: Loaded TargetPlatform 'WindowsNoEditor'
[2024.06.12-18.30.51:916][  0]LogTargetPlatformManager: Display: Loaded TargetPlatform 'Windows'
[2024.06.12-18.30.51:922][  0]LogTargetPlatformManager: Display: Loaded TargetPlatform 'WindowsClient'
[2024.06.12-18.30.51:931][  0]LogTargetPlatformManager: Display: Loaded TargetPlatform 'WindowsServer'
[2024.06.12-18.30.51:931][  0]LogTargetPlatformManager: Display: Building Assets For Windows
[2024.06.12-18.30.51:940][  0]LogAudioDebug: Display: Lib vorbis DLL was dynamically loaded.
[2024.06.12-18.30.51:976][  0]LogTextureFormatOodle: Display: Oodle Texture 2.9.0 init RDO Off
[2024.06.12-18.30.52:023][  0]LogRendererCore: Ray tracing is disabled. Reason: r.RayTracing=0.
[2024.06.12-18.30.52:024][  0]LogShaderCompilers: Guid format shader working directory is -10 characters bigger than the processId version (../../../../../Project_clone/Unreal-engine-first-project/Intermediate/Shaders/WorkingDirectory/2888/).
[2024.06.12-18.30.52:024][  0]LogShaderCompilers: Cleaned the shader compiler working directory 'C:/Users/obadz/AppData/Local/Temp/UnrealShaderWorkingDir/75617CAC451C15C545C257A702606EEC/'.
[2024.06.12-18.30.52:024][  0]LogXGEController: Cannot use XGE Controller as Incredibuild is not installed on this machine.
[2024.06.12-18.30.52:024][  0]LogShaderCompilers: Cannot use XGE Shader Compiler as Incredibuild is not installed on this machine.
[2024.06.12-18.30.52:024][  0]LogShaderCompilers: Display: Using Local Shader Compiler.
[2024.06.12-18.30.52:949][  0]LogDerivedDataCache: Display: Max Cache Size: 512 MB
[2024.06.12-18.30.53:017][  0]LogDerivedDataCache: Loaded boot cache 0.07s 94MB C:/Users/obadz/AppData/Local/UnrealEngine/4.27/DerivedDataCache/Boot.ddc.
[2024.06.12-18.30.53:017][  0]LogDerivedDataCache: Display: Loaded Boot cache: C:/Users/obadz/AppData/Local/UnrealEngine/4.27/DerivedDataCache/Boot.ddc
[2024.06.12-18.30.53:017][  0]LogDerivedDataCache: FDerivedDataBackendGraph:  Pak pak cache file ../../../../../Project_clone/Unreal-engine-first-project/DerivedDataCache/DDC.ddp not found, will not use a pak cache.
[2024.06.12-18.30.53:017][  0]LogDerivedDataCache: Unable to find inner node Pak for hierarchical cache Hierarchy.
[2024.06.12-18.30.53:017][  0]LogDerivedDataCache: FDerivedDataBackendGraph:  CompressedPak pak cache file ../../../../../Project_clone/Unreal-engine-first-project/DerivedDataCache/Compressed.ddp not found, will not use a pak cache.
[2024.06.12-18.30.53:017][  0]LogDerivedDataCache: Unable to find inner node CompressedPak for hierarchical cache Hierarchy.
[2024.06.12-18.30.53:037][  0]LogDerivedDataCache: Display: Pak cache opened for reading ../../../Engine/DerivedDataCache/Compressed.ddp.
[2024.06.12-18.30.53:038][  0]LogDerivedDataCache: FDerivedDataBackendGraph:  EnterprisePak pak cache file ../../../Enterprise/DerivedDataCache/Compressed.ddp not found, will not use a pak cache.
[2024.06.12-18.30.53:038][  0]LogDerivedDataCache: Unable to find inner node EnterprisePak for hierarchical cache Hierarchy.
[2024.06.12-18.30.53:049][  0]LogDerivedDataCache: Speed tests for C:/Users/obadz/AppData/Local/UnrealEngine/Common/DerivedDataCache took 0.01 seconds
[2024.06.12-18.30.53:049][  0]LogDerivedDataCache: Display: Performance to C:/Users/obadz/AppData/Local/UnrealEngine/Common/DerivedDataCache: Latency=0.03ms. RandomReadSpeed=1180.71MBs, RandomWriteSpeed=97.29MBs. Assigned SpeedClass 'Local'
[2024.06.12-18.30.53:049][  0]LogDerivedDataCache: Using Local data cache path C:/Users/obadz/AppData/Local/UnrealEngine/Common/DerivedDataCache: Writable
[2024.06.12-18.30.53:050][  0]LogDerivedDataCache: Shared data cache path not found in *engine.ini, will not use an Shared cache.
[2024.06.12-18.30.53:050][  0]LogDerivedDataCache: Unable to find inner node Shared for hierarchical cache Hierarchy.
[2024.06.12-18.30.53:116][  0]LogSlate: Using FreeType 2.10.0
[2024.06.12-18.30.53:116][  0]LogSlate: SlateFontServices - WITH_FREETYPE: 1, WITH_HARFBUZZ: 1
[2024.06.12-18.30.53:149][  0]LogAssetRegistry: FAssetRegistry took 0.0032 seconds to start up
[2024.06.12-18.30.53:448][  0]LogInit: Selected Device Profile: [Windows]
[2024.06.12-18.30.53:449][  0]LogInit: Active device profile: [000002537DD80900][000002536E9905C0 49] Windows
[2024.06.12-18.30.53:449][  0]LogInit: Profiles: [000002537DD80900][000002536E9905C0 49] Windows, [000002537DD37800][0000025371236740 49] WindowsNoEditor, [000002537DD83500][000002537C0A6880 49] WindowsServer, [000002537DD34E00][000002537C08E9C0 49] WindowsClient, [000002537DD83800][000002537D6D0B00 49] IOS, [000002537DD36800][000002537465CC80 49] iPadAir, [000002537DD82000][0000025374B68E00 49] iPadAir2, [000002537ECE8A00][0000025374B710C0 49] IPadPro, [000002537ECE8B00][0000025374B6D100 49] iPadAir3, [000002537DD35900][000002537D59D280 49] iPadAir4, [000002537ECEB400][000002537D5A1400 49] iPadMini2, [000002537DD36A00][000002537D5A5580 49] iPadMini3, [000002537ECE9700][000002537D5A9700 49] iPadMini4, [000002537DD81100][000002537D5AD880 49] iPadMini5, [000002537DD08300][000002537D5B5B40 49] iPhone6, [000002537DD08400][000002537D5B1B80 49] iPodTouch6, [000002537ECD7F00][000002537D5BC2C0 49] iPhone7, [000002537ECD7E00][000002537D5B8300 49] iPodTouch7, [000002537DD36000][000002537D5C0480 49] iPhone5S, [000002537ECD5A00][000002537D5C4600 49] iPhone6Plus, [000002537DD08200][000002537D5C8780 49] iPhone6S, [000002537ECD4600][000002537D5CC900 49] iPhone6SPlus, [000002537DD0A900][000002537C092A40 49] iPhone7Plus, [000002537ECD7100][000002537D5D0B80 49] iPhoneSE, [000002537DD0A200][000002537D5D4CC0 49] iPhone8, [000002537ECD7B00][0000025374ACAE40 49] iPhone8Plus, [000002537DD08A00][0000025374ACEFC0 49] iPhoneX, [000002537ECD5400][0000025374AD3140 49] iPhoneXS, [000002537DD0BD00][0000025374AD72C0 49] iPhoneXSMax, [000002537ECD4500][0000025374ADB440 49] iPhoneXR, [000002537DD09300][0000025374ADF5C0 49] iPhone11, [000002537ECD6700][0000025374AE3740 49] iPhone11Pro, [000002537DD09000][0000025374AE78C0 49] iPhone11ProMax, [000002537ECD6A00][0000025374AEBA40 49] iPhoneSE2, [000002537DD09400][0000025374AEFBC0 49] iPhone12Mini, [000002537ECD6400][0000025374AF21C0 49] iPhone12, [000002537DD08D00][0000025374AF6340 49] iPhone12Pro, [000002537ECD6B00][0000025374AFA4C0 49] iPhone12ProMax, [000002537DD0B000][0000025374AFE640 49] iPadPro105, [000002537ECD4700][000002537D85E7C0 49] iPadPro129, [000002537DD0A800][000002537D862940 49] iPadPro97, [000002537ECD6600][000002537D866AC0 49] iPadPro2_129, [000002537DD0BC00][0000025374AC6C00 49] iPad5, [000002537ECD6200][000002537D86AD40 49] iPad6, [000002537DD08F00][000002537D86EE80 49] iPad7, [000002537ECD7C00][000002537D872FC0 49] iPad8, [000002537DD0B400][000002537D87B140 49] iPadPro11, [000002537ECD6F00][000002537D87F2C0 49] iPadPro2_11, [000002537DD0B900][000002537D883440 49] iPadPro3_129, [000002537ECD5700][000002537D8875C0 49] iPadPro4_129, [000002537DD09100][000002537D88B740 49] AppleTV, [000002537ECD6100][000002537D88F8C0 49] AppleTV4K, [000002537DD09F00][000002537D893A40 49] TVOS, [000002537ECD7400][000002537D897BC0 49] Mac, [000002537DD0B800][000002537D89A1C0 49] MacClient, [000002537ECD5E00][000002537D89E340 49] MacNoEditor, [000002537DD0BF00][000002537D8A24C0 49] MacServer, [000002537ECD5200][000002537D8A6640 49] Linux, [000002537DD08C00][000002537D8AA7C0 49] LinuxAArch64, [000002537ECD5F00][000002537D8AE940 49] LinuxNoEditor, [000002537DD09B00][000002537D8B2AC0 49] LinuxAArch64NoEditor, [000002537ECD7A00][000002537D8B6C40 49] LinuxClient, [000002537DD0B500][000002537D876D80 49] LinuxAArch64Client, [000002537ECD5000][000002537D8BAEC0 49] LinuxServer, [000002537DD0A500][000002537D8BF000 49] LinuxAArch64Server, [000002537ECD4A00][000002537D8C3140 49] Android, [000002537DD0B300][000002537D8CB2C0 49] Android_Low, [000002537ECD7500][000002537D8CF440 49] Android_Mid, [000002537DD08600][000002537D8D35C0 49] Android_High, [000002537ECD4200][000002537D8D7740 49] Android_Default, [000002537DD0B100][000002537D8DB8C0 49] Android_Adreno4xx, [000002537ECD5100][000002537D2FFA40 49] Android_Adreno5xx_Low, [000002537ECEB600][000002537D303BC0 49] Android_Adreno5xx, [000002537DD35500][000002537D3061C0 49] Android_Adreno6xx, [000002537ECE8F00][000002537D30A340 49] Android_Adreno6xx_Vulkan, [000002537DD37C00][000002537D30E4C0 49] Android_Mali_T6xx, [000002537ECE9100][000002537D312640 49] Android_Mali_T7xx, [000002537DD35600][000002537D3167C0 49] Android_Mali_T8xx, [000002537ECE9E00][000002537D31A940 49] Android_Mali_G71, [000002537DD34500][000002537D31EAC0 49] Android_Mali_G72, [000002537ECE8800][000002537D322C40 49] Android_Mali_G72_Vulkan, [000002537DD37A00][000002537D326DC0 49] Android_Mali_G76, [000002537ECE8100][000002537D32AF40 49] Android_Mali_G76_Vulkan, [000002537DD35F00][000002537D8C7080 49] Android_Mali_G77, [000002537ECE9000][000002537D32F1C0 49] Android_Mali_G77_Vulkan, [000002537DD34A00][000002537D333300 49] Android_Mali_G78, [000002537ECEAC00][000002537D33B480 49] Android_Mali_G78_Vulkan, [000002537DD37600][000002537D33F600 49] Android_Mali_G710, [000002537ECEAB00][000002537D343780 49] Android_Mali_G710_Vulkan, [000002537DD37F00][000002537D347900 49] Android_Vulkan_SM5, [000002537ECEBB00][000002537D34BA80 49] Android_PowerVR_G6xxx, [000002537DD34100][000002537D34FC00 49] Android_PowerVR_GT7xxx, [000002537ECEA300][000002537D352200 49] Android_PowerVR_GE8xxx, [000002537DD34C00][000002537D356380 49] Android_PowerVR_GM9xxx, [000002537ECEA700][000002537D35A500 49] Android_PowerVR_GM9xxx_Vulkan, [000002537DD36700][000002537D35E680 49] Android_TegraK1, [000002537ECE8600][000002537D362800 49] Android_Unknown_Vulkan, [000002537DD36D00][000002537D366980 49] Lumin, [000002537ECE8500][000002537D36AB00 49] Lumin_Desktop, [000002537DD36500][000002537D36EC80 49] HoloLens, 
[2024.06.12-18.30.53:602][  0]LogMeshReduction: Using QuadricMeshReduction for automatic static mesh reduction
[2024.06.12-18.30.53:602][  0]LogMeshReduction: Using SimplygonMeshReduction for automatic skeletal mesh reduction
[2024.06.12-18.30.53:602][  0]LogMeshReduction: Using ProxyLODMeshReduction for automatic mesh merging
[2024.06.12-18.30.53:602][  0]LogMeshReduction: No distributed automatic mesh merging module available
[2024.06.12-18.30.53:602][  0]LogMeshMerging: No distributed automatic mesh merging module available
[2024.06.12-18.30.53:622][  0]LogNetVersion: MyProject 1.0.0, NetCL: 17155196, EngineNetVer: 17, GameNetVer: 0 (Checksum: 3629800737)
[2024.06.12-18.30.54:126][  0]LogTexture: Default maximum texture size for cubemaps generated from long-lat sources has been changed from 512 to unlimited. In order to preserve old behaiour for '/Engine/MapTemplates/Sky/DaylightAmbientCubemap.DaylightAmbientCubemap', its maximum texture size has been explicitly set to 512.
[2024.06.12-18.30.54:207][  0]LogHMD: PokeAHoleMaterial loaded successfully
[2024.06.12-18.30.54:215][  0]LogUObjectArray: 17178 objects as part of root set at end of initial load.
[2024.06.12-18.30.54:215][  0]LogUObjectAllocator: 4302048 out of 0 bytes used by permanent object pool.
[2024.06.12-18.30.54:215][  0]LogUObjectArray: CloseDisregardForGC: 0/0 objects in disregard for GC pool
[2024.06.12-18.30.54:608][  0]LogNiagaraDebuggerClient: Niagara Debugger Client Initialized | Session: 828F2DEB49A6D8B5F824FA8BEB7E5748 | Instance: B9A456EC4DC1C001493E99AFC0D89DCA (DESKTOP-ECCVSJE-2888).
[2024.06.12-18.30.54:646][  0]LogPython: Using Python 3.7.7
[2024.06.12-18.30.55:265][  0]LogTcpMessaging: Initializing TcpMessaging bridge
[2024.06.12-18.30.55:270][  0]LogUdpMessaging: Initializing bridge on interface 0.0.0.0:0 to multicast group 230.0.0.1:6666.
[2024.06.12-18.30.55:421][  0]SourceControl: Source control is disabled
[2024.06.12-18.30.56:021][  0]LogUProjectInfo: Found projects:
[2024.06.12-18.30.56:249][  0]LogOpenImageDenoise: OIDN starting up
[2024.06.12-18.30.56:283][  0]LogAndroidPermission: UAndroidPermissionCallbackProxy::GetInstance
[2024.06.12-18.30.56:306][  0]LogAudioCaptureCore: Display: No Audio Capture implementations found. Audio input will be silent.
[2024.06.12-18.30.56:306][  0]LogAudioCaptureCore: Display: No Audio Capture implementations found. Audio input will be silent.
[2024.06.12-18.30.56:451][  0]LogCollectionManager: Loaded 0 collections in 0.001938 seconds
[2024.06.12-18.30.56:476][  0]LogFileCache: Scanning file cache for directory 'D:/Project_clone/Unreal-engine-first-project/Saved/Collections/' took 0.00s
[2024.06.12-18.30.56:476][  0]LogFileCache: Scanning file cache for directory 'D:/Project_clone/Unreal-engine-first-project/Content/Developers/obadz/Collections/' took 0.00s
[2024.06.12-18.30.56:476][  0]LogFileCache: Scanning file cache for directory 'D:/Project_clone/Unreal-engine-first-project/Content/Collections/' took 0.00s
[2024.06.12-18.30.56:476][  0]LogOcInput: OculusInput pre-init called
[2024.06.12-18.30.56:787][  0]LogEngine: Initializing Engine...
[2024.06.12-18.30.56:790][  0]LogHMD: Failed to enumerate extensions. Please check that you have a valid OpenXR runtime installed.
[2024.06.12-18.30.56:791][  0]LogHMD: Failed to initialize OpenVR with code 110
[2024.06.12-18.30.56:791][  0]LogMagicLeap: Warning: VR disabled because ZI is not enabled.  To enable, in the editor, Edit -> Project Settings -> Plugins -> Magic Leap Plugin -> Enable Zero Iteration
[2024.06.12-18.30.56:792][  0]LogStats: UGameplayTagsManager::InitializeManager -  0.000 s
[2024.06.12-18.30.56:941][  0]LogInit: Initializing FReadOnlyCVARCache
[2024.06.12-18.30.56:949][  0]LogAIModule: Creating AISystem for world Untitled
[2024.06.12-18.30.56:962][  0]LogAudio: Display: Initializing Audio Device Manager...
[2024.06.12-18.30.56:967][  0]LogAudio: Display: Loading Default Audio Settings Objects...
[2024.06.12-18.30.56:968][  0]LogAudio: Display: No default SoundConcurrencyObject specified (or failed to load).
[2024.06.12-18.30.56:969][  0]LogAudio: Display: Audio Device Manager Initialized
[2024.06.12-18.30.56:969][  0]LogAudio: Display: Creating Audio Device:                 Id: 1, Scope: Shared, Realtime: True
[2024.06.12-18.30.56:969][  0]LogAudioMixer: Display: Audio Mixer Platform Settings:
[2024.06.12-18.30.56:969][  0]LogAudioMixer: Display: 	Sample Rate:						  48000
[2024.06.12-18.30.56:969][  0]LogAudioMixer: Display: 	Callback Buffer Frame Size Requested: 1024
[2024.06.12-18.30.56:969][  0]LogAudioMixer: Display: 	Callback Buffer Frame Size To Use:	  1024
[2024.06.12-18.30.56:969][  0]LogAudioMixer: Display: 	Number of buffers to queue:			  2
[2024.06.12-18.30.56:969][  0]LogAudioMixer: Display: 	Max Channels (voices):				  32
[2024.06.12-18.30.56:969][  0]LogAudioMixer: Display: 	Number of Async Source Workers:		  0
[2024.06.12-18.30.56:969][  0]LogAudio: Display: AudioDevice MaxSources: 32
[2024.06.12-18.30.56:970][  0]LogAudio: Display: Audio Spatialization Plugin: None (built-in).
[2024.06.12-18.30.56:970][  0]LogAudio: Display: Audio Reverb Plugin: None (built-in).
[2024.06.12-18.30.56:970][  0]LogAudio: Display: Audio Occlusion Plugin: None (built-in).
[2024.06.12-18.30.56:970][  0]LogAudioMixer: Display: Initializing audio mixer.
[2024.06.12-18.30.56:987][  0]LogAudioMixer: Display: 0: FrontLeft
[2024.06.12-18.30.56:987][  0]LogAudioMixer: Display: 1: FrontRight
[2024.06.12-18.30.57:020][  0]LogAudioMixer: Display: Using Audio Device Speakers (Realtek High Definition Audio)
[2024.06.12-18.30.57:024][  0]LogAudioMixer: Display: Initializing Sound Submixes...
[2024.06.12-18.30.57:027][  0]LogAudioMixer: Display: Creating Master Submix 'MasterSubmixDefault'
[2024.06.12-18.30.57:027][  0]LogAudioMixer: Display: Creating Master Submix 'MasterReverbSubmixDefault'
[2024.06.12-18.30.57:028][  0]LogAudioMixer: Display: Creating Master Submix 'MasterEQSubmixDefault'
[2024.06.12-18.30.57:028][  0]LogAudioMixer: FMixerPlatformXAudio2::StartAudioStream() called
[2024.06.12-18.30.57:028][  0]LogAudioMixer: Display: Output buffers initialized: Frames=1024, Channels=2, Samples=2048
[2024.06.12-18.30.57:029][  0]LogAudioMixer: Display: Starting AudioMixerPlatformInterface::RunInternal()
[2024.06.12-18.30.57:029][  0]LogAudioMixer: Display: FMixerPlatformXAudio2::SubmitBuffer() called for the first time
[2024.06.12-18.30.57:029][  0]LogInit: FAudioDevice initialized.
[2024.06.12-18.30.57:030][  0]LogAudio: Display: Audio Device (ID: 1) registered with world 'Untitled'.
[2024.06.12-18.30.57:030][  0]LogNetVersion: Set ProjectVersion to 1.0.0.0. Version Checksum will be recalculated on next use.
[2024.06.12-18.30.57:333][  0]LogDerivedDataCache: Saved boot cache 0.30s 94MB C:/Users/obadz/AppData/Local/UnrealEngine/4.27/DerivedDataCache/Boot.ddc.
[2024.06.12-18.30.57:334][  0]LogInit: Texture streaming: Enabled
[2024.06.12-18.30.57:351][  0]LogAnalytics: Display: [UEEditor.Rocket.Release] APIServer = https://datarouter.ol.epicgames.com/. AppVersion = 4.27.2-18319896+++UE4+Release-4.27
[2024.06.12-18.30.57:356][  0]LogEngineSessionManager: EngineSessionManager initialized
[2024.06.12-18.30.57:356][  0]LogEditorSessionSummary: Verbose: Initializing EditorSessionSummaryWriter for editor session tracking
[2024.06.12-18.30.57:360][  0]LogEditorSessionSummary: EditorSessionSummaryWriter initialized
[2024.06.12-18.30.57:392][  0]LogInit: Transaction tracking system initialized
[2024.06.12-18.30.57:415][  0]BlueprintLog: New page: Editor Load
[2024.06.12-18.30.57:475][  0]LocalizationService: Localization service is disabled
[2024.06.12-18.30.57:497][  0]TimingProfiler: Initialize
[2024.06.12-18.30.57:497][  0]TimingProfiler: OnSessionChanged
[2024.06.12-18.30.57:497][  0]LoadingProfiler: Initialize
[2024.06.12-18.30.57:497][  0]LoadingProfiler: OnSessionChanged
[2024.06.12-18.30.57:497][  0]NetworkingProfiler: Initialize
[2024.06.12-18.30.57:497][  0]NetworkingProfiler: OnSessionChanged
[2024.06.12-18.30.57:497][  0]MemoryProfiler: Initialize
[2024.06.12-18.30.57:497][  0]MemoryProfiler: OnSessionChanged
[2024.06.12-18.30.57:689][  0]LogCook: Display: CookSettings for Memory: MemoryMaxUsedVirtual 0MiB, MemoryMaxUsedPhysical 16384MiB, MemoryMinFreeVirtual 0MiB, MemoryMinFreePhysical 1024MiB
[2024.06.12-18.30.57:690][  0]LogCook: Display: Mobile HDR setting 1
[2024.06.12-18.30.57:927][  0]LogFileCache: Scanning file cache for directory 'D:/Project_clone/Unreal-engine-first-project/Content/' took 0.01s
[2024.06.12-18.30.58:170][  0]LogInit: Display: Engine is initialized. Leaving FEngineLoop::Init()
[2024.06.12-18.30.58:174][  0]LogUnrealEdMisc: Loading editor; pre map load, took 9.162
[2024.06.12-18.30.58:174][  0]Cmd: MAP LOAD FILE="../../../../../Project_clone/Unreal-engine-first-project/Content/FirstPersonBP/Maps/FirstPersonExampleMap.umap" TEMPLATE=0 SHOWPROGRESS=1 FEATURELEVEL=3
[2024.06.12-18.30.58:175][  0]LightingResults: New page: Lighting Build
[2024.06.12-18.30.58:176][  0]LogWorld: UWorld::CleanupWorld for Untitled, bSessionEnded=true, bCleanupResources=true
[2024.06.12-18.30.58:176][  0]LogSlate: InvalidateAllWidgets triggered.  All widgets were invalidated
[2024.06.12-18.30.58:176][  0]MapCheck: New page: Map Check
[2024.06.12-18.30.58:176][  0]LightingResults: New page: Lighting Build
[2024.06.12-18.30.58:182][  0]LogAudio: Display: Audio Device unregistered from world 'None'.
[2024.06.12-18.30.58:185][  0]LogUObjectHash: Compacting FUObjectHashTables data took   0.89ms
[2024.06.12-18.30.58:558][  0]LogAudio: Display: Audio Device (ID: 1) registered with world 'FirstPersonExampleMap'.
[2024.06.12-18.30.58:559][  0]LogAIModule: Creating AISystem for world FirstPersonExampleMap
[2024.06.12-18.30.58:579][  0]LogEditorServer: Finished looking for orphan Actors (0.000 secs)
[2024.06.12-18.30.58:604][  0]LogUObjectHash: Compacting FUObjectHashTables data took   1.10ms
[2024.06.12-18.30.58:604][  0]Cmd: MAP CHECKDEP NOCLEARLOG
[2024.06.12-18.30.58:604][  0]MapCheck: Map check complete: 0 Error(s), 0 Warning(s), took 0.119ms to complete.
[2024.06.12-18.30.58:604][  0]LogFileHelpers: Loading map 'FirstPersonExampleMap' took 0.430
[2024.06.12-18.30.58:606][  0]LogUnrealEdMisc: Total Editor Startup Time, took 9.594
[2024.06.12-18.30.58:813][  0]LogSlate: Updating window title bar state: overlay mode, drag disabled, window buttons hidden, title bar hidden
[2024.06.12-18.30.58:825][  0]LogSlate: Updating window title bar state: overlay mode, drag disabled, window buttons hidden, title bar hidden
[2024.06.12-18.30.58:838][  0]LogSlate: Updating window title bar state: overlay mode, drag disabled, window buttons hidden, title bar hidden
[2024.06.12-18.30.58:850][  0]LogSlate: Updating window title bar state: overlay mode, drag disabled, window buttons hidden, title bar hidden
[2024.06.12-18.30.58:871][  0]LogNativeClassHierarchy: Verbose: Native class hierarchy populated in 0.0139 seconds. Added 3822 classes and 928 folders.
[2024.06.12-18.30.58:875][  0]LogNativeClassHierarchy: Verbose: Native class hierarchy updated for 'WidgetCarousel' in 0.0006 seconds. Added 0 classes and 0 folders.
[2024.06.12-18.30.58:877][  0]LogPakFile: PakFile PrimaryIndexSize=187
[2024.06.12-18.30.58:877][  0]LogPakFile: PakFile PathHashIndexSize=101
[2024.06.12-18.30.58:877][  0]LogPakFile: PakFile FullDirectoryIndexSize=148
[2024.06.12-18.30.58:877][  0]LogShaderLibrary: Display: ShaderCodeLibraryPakFileMountedCallback: PakFile 'D:/Unreal engine/UE_4.27/FeaturePacks/FP_FirstPerson.upack' (chunk index -1, root 'root:/') mounted
[2024.06.12-18.30.58:877][  0]LogShaderLibrary: Display: ShaderCodeLibraryPakFileMountedCallback: pending pak file info (ChunkID:-1 Root:root:/ File:D:/Unreal engine/UE_4.27/FeaturePacks/FP_FirstPerson.upack)
[2024.06.12-18.30.58:877][  0]LogPakFile: OnPakFileMounted2Time == 0.000149
[2024.06.12-18.30.58:879][  0]LogPakFile: PakFile PrimaryIndexSize=189
[2024.06.12-18.30.58:879][  0]LogPakFile: PakFile PathHashIndexSize=101
[2024.06.12-18.30.58:879][  0]LogPakFile: PakFile FullDirectoryIndexSize=152
[2024.06.12-18.30.58:879][  0]LogShaderLibrary: Display: ShaderCodeLibraryPakFileMountedCallback: PakFile 'D:/Unreal engine/UE_4.27/FeaturePacks/FP_FirstPersonBP.upack' (chunk index -1, root 'root:/') mounted
[2024.06.12-18.30.58:879][  0]LogShaderLibrary: Display: ShaderCodeLibraryPakFileMountedCallback: pending pak file info (ChunkID:-1 Root:root:/ File:D:/Unreal engine/UE_4.27/FeaturePacks/FP_FirstPersonBP.upack)
[2024.06.12-18.30.58:879][  0]LogPakFile: OnPakFileMounted2Time == 0.000111
[2024.06.12-18.30.58:880][  0]LogPakFile: PakFile PrimaryIndexSize=191
[2024.06.12-18.30.58:880][  0]LogPakFile: PakFile PathHashIndexSize=101
[2024.06.12-18.30.58:880][  0]LogPakFile: PakFile FullDirectoryIndexSize=160
[2024.06.12-18.30.58:880][  0]LogShaderLibrary: Display: ShaderCodeLibraryPakFileMountedCallback: PakFile 'D:/Unreal engine/UE_4.27/FeaturePacks/MobileStarterContent.upack' (chunk index -1, root 'root:/') mounted
[2024.06.12-18.30.58:880][  0]LogShaderLibrary: Display: ShaderCodeLibraryPakFileMountedCallback: pending pak file info (ChunkID:-1 Root:root:/ File:D:/Unreal engine/UE_4.27/FeaturePacks/MobileStarterContent.upack)
[2024.06.12-18.30.58:880][  0]LogPakFile: OnPakFileMounted2Time == 0.000097
[2024.06.12-18.30.58:881][  0]LogPakFile: PakFile PrimaryIndexSize=185
[2024.06.12-18.30.58:881][  0]LogPakFile: PakFile PathHashIndexSize=101
[2024.06.12-18.30.58:881][  0]LogPakFile: PakFile FullDirectoryIndexSize=148
[2024.06.12-18.30.58:881][  0]LogShaderLibrary: Display: ShaderCodeLibraryPakFileMountedCallback: PakFile 'D:/Unreal engine/UE_4.27/FeaturePacks/StarterContent.upack' (chunk index -1, root 'root:/') mounted
[2024.06.12-18.30.58:882][  0]LogShaderLibrary: Display: ShaderCodeLibraryPakFileMountedCallback: pending pak file info (ChunkID:-1 Root:root:/ File:D:/Unreal engine/UE_4.27/FeaturePacks/StarterContent.upack)
[2024.06.12-18.30.58:882][  0]LogPakFile: OnPakFileMounted2Time == 0.000145
[2024.06.12-18.30.58:883][  0]LogPakFile: PakFile PrimaryIndexSize=190
[2024.06.12-18.30.58:883][  0]LogPakFile: PakFile PathHashIndexSize=101
[2024.06.12-18.30.58:883][  0]LogPakFile: PakFile FullDirectoryIndexSize=154
[2024.06.12-18.30.58:883][  0]LogShaderLibrary: Display: ShaderCodeLibraryPakFileMountedCallback: PakFile 'D:/Unreal engine/UE_4.27/FeaturePacks/TP_2DSideScroller.upack' (chunk index -1, root 'root:/') mounted
[2024.06.12-18.30.58:883][  0]LogShaderLibrary: Display: ShaderCodeLibraryPakFileMountedCallback: pending pak file info (ChunkID:-1 Root:root:/ File:D:/Unreal engine/UE_4.27/FeaturePacks/TP_2DSideScroller.upack)
[2024.06.12-18.30.58:883][  0]LogPakFile: OnPakFileMounted2Time == 0.000049
[2024.06.12-18.30.58:884][  0]LogPakFile: PakFile PrimaryIndexSize=192
[2024.06.12-18.30.58:884][  0]LogPakFile: PakFile PathHashIndexSize=101
[2024.06.12-18.30.58:884][  0]LogPakFile: PakFile FullDirectoryIndexSize=158
[2024.06.12-18.30.58:884][  0]LogShaderLibrary: Display: ShaderCodeLibraryPakFileMountedCallback: PakFile 'D:/Unreal engine/UE_4.27/FeaturePacks/TP_2DSideScrollerBP.upack' (chunk index -1, root 'root:/') mounted
[2024.06.12-18.30.58:884][  0]LogShaderLibrary: Display: ShaderCodeLibraryPakFileMountedCallback: pending pak file info (ChunkID:-1 Root:root:/ File:D:/Unreal engine/UE_4.27/FeaturePacks/TP_2DSideScrollerBP.upack)
[2024.06.12-18.30.58:884][  0]LogPakFile: OnPakFileMounted2Time == 0.000067
[2024.06.12-18.30.58:884][  0]LogPakFile: PakFile PrimaryIndexSize=182
[2024.06.12-18.30.58:884][  0]LogPakFile: PakFile PathHashIndexSize=101
[2024.06.12-18.30.58:884][  0]LogPakFile: PakFile FullDirectoryIndexSize=138
[2024.06.12-18.30.58:884][  0]LogShaderLibrary: Display: ShaderCodeLibraryPakFileMountedCallback: PakFile 'D:/Unreal engine/UE_4.27/FeaturePacks/TP_Flying.upack' (chunk index -1, root 'root:/') mounted
[2024.06.12-18.30.58:884][  0]LogShaderLibrary: Display: ShaderCodeLibraryPakFileMountedCallback: pending pak file info (ChunkID:-1 Root:root:/ File:D:/Unreal engine/UE_4.27/FeaturePacks/TP_Flying.upack)
[2024.06.12-18.30.58:884][  0]LogPakFile: OnPakFileMounted2Time == 0.000045
[2024.06.12-18.30.58:885][  0]LogPakFile: PakFile PrimaryIndexSize=184
[2024.06.12-18.30.58:885][  0]LogPakFile: PakFile PathHashIndexSize=101
[2024.06.12-18.30.58:885][  0]LogPakFile: PakFile FullDirectoryIndexSize=142
[2024.06.12-18.30.58:885][  0]LogShaderLibrary: Display: ShaderCodeLibraryPakFileMountedCallback: PakFile 'D:/Unreal engine/UE_4.27/FeaturePacks/TP_FlyingBP.upack' (chunk index -1, root 'root:/') mounted
[2024.06.12-18.30.58:885][  0]LogShaderLibrary: Display: ShaderCodeLibraryPakFileMountedCallback: pending pak file info (ChunkID:-1 Root:root:/ File:D:/Unreal engine/UE_4.27/FeaturePacks/TP_FlyingBP.upack)
[2024.06.12-18.30.58:885][  0]LogPakFile: OnPakFileMounted2Time == 0.000045
[2024.06.12-18.30.58:886][  0]LogPakFile: PakFile PrimaryIndexSize=188
[2024.06.12-18.30.58:886][  0]LogPakFile: PakFile PathHashIndexSize=101
[2024.06.12-18.30.58:886][  0]LogPakFile: PakFile FullDirectoryIndexSize=150
[2024.06.12-18.30.58:886][  0]LogShaderLibrary: Display: ShaderCodeLibraryPakFileMountedCallback: PakFile 'D:/Unreal engine/UE_4.27/FeaturePacks/TP_HandheldARBP.upack' (chunk index -1, root 'root:/') mounted
[2024.06.12-18.30.58:886][  0]LogShaderLibrary: Display: ShaderCodeLibraryPakFileMountedCallback: pending pak file info (ChunkID:-1 Root:root:/ File:D:/Unreal engine/UE_4.27/FeaturePacks/TP_HandheldARBP.upack)
[2024.06.12-18.30.58:886][  0]LogPakFile: OnPakFileMounted2Time == 0.000046
[2024.06.12-18.30.58:887][  0]LogPakFile: PakFile PrimaryIndexSize=182
[2024.06.12-18.30.58:887][  0]LogPakFile: PakFile PathHashIndexSize=101
[2024.06.12-18.30.58:887][  0]LogPakFile: PakFile FullDirectoryIndexSize=138
[2024.06.12-18.30.58:887][  0]LogShaderLibrary: Display: ShaderCodeLibraryPakFileMountedCallback: PakFile 'D:/Unreal engine/UE_4.27/FeaturePacks/TP_Puzzle.upack' (chunk index -1, root 'root:/') mounted
[2024.06.12-18.30.58:887][  0]LogShaderLibrary: Display: ShaderCodeLibraryPakFileMountedCallback: pending pak file info (ChunkID:-1 Root:root:/ File:D:/Unreal engine/UE_4.27/FeaturePacks/TP_Puzzle.upack)
[2024.06.12-18.30.58:887][  0]LogPakFile: OnPakFileMounted2Time == 0.000063
[2024.06.12-18.30.58:887][  0]LogPakFile: PakFile PrimaryIndexSize=184
[2024.06.12-18.30.58:887][  0]LogPakFile: PakFile PathHashIndexSize=101
[2024.06.12-18.30.58:887][  0]LogPakFile: PakFile FullDirectoryIndexSize=142
[2024.06.12-18.30.58:887][  0]LogShaderLibrary: Display: ShaderCodeLibraryPakFileMountedCallback: PakFile 'D:/Unreal engine/UE_4.27/FeaturePacks/TP_PuzzleBP.upack' (chunk index -1, root 'root:/') mounted
[2024.06.12-18.30.58:887][  0]LogShaderLibrary: Display: ShaderCodeLibraryPakFileMountedCallback: pending pak file info (ChunkID:-1 Root:root:/ File:D:/Unreal engine/UE_4.27/FeaturePacks/TP_PuzzleBP.upack)
[2024.06.12-18.30.58:887][  0]LogPakFile: OnPakFileMounted2Time == 0.000047
[2024.06.12-18.30.58:888][  0]LogPakFile: PakFile PrimaryIndexSize=183
[2024.06.12-18.30.58:888][  0]LogPakFile: PakFile PathHashIndexSize=101
[2024.06.12-18.30.58:888][  0]LogPakFile: PakFile FullDirectoryIndexSize=140
[2024.06.12-18.30.58:888][  0]LogShaderLibrary: Display: ShaderCodeLibraryPakFileMountedCallback: PakFile 'D:/Unreal engine/UE_4.27/FeaturePacks/TP_Rolling.upack' (chunk index -1, root 'root:/') mounted
[2024.06.12-18.30.58:888][  0]LogShaderLibrary: Display: ShaderCodeLibraryPakFileMountedCallback: pending pak file info (ChunkID:-1 Root:root:/ File:D:/Unreal engine/UE_4.27/FeaturePacks/TP_Rolling.upack)
[2024.06.12-18.30.58:888][  0]LogPakFile: OnPakFileMounted2Time == 0.000047
[2024.06.12-18.30.58:888][  0]LogPakFile: PakFile PrimaryIndexSize=185
[2024.06.12-18.30.58:888][  0]LogPakFile: PakFile PathHashIndexSize=101
[2024.06.12-18.30.58:888][  0]LogPakFile: PakFile FullDirectoryIndexSize=144
[2024.06.12-18.30.58:888][  0]LogShaderLibrary: Display: ShaderCodeLibraryPakFileMountedCallback: PakFile 'D:/Unreal engine/UE_4.27/FeaturePacks/TP_RollingBP.upack' (chunk index -1, root 'root:/') mounted
[2024.06.12-18.30.58:888][  0]LogShaderLibrary: Display: ShaderCodeLibraryPakFileMountedCallback: pending pak file info (ChunkID:-1 Root:root:/ File:D:/Unreal engine/UE_4.27/FeaturePacks/TP_RollingBP.upack)
[2024.06.12-18.30.58:888][  0]LogPakFile: OnPakFileMounted2Time == 0.000043
[2024.06.12-18.30.58:889][  0]LogPakFile: PakFile PrimaryIndexSize=188
[2024.06.12-18.30.58:889][  0]LogPakFile: PakFile PathHashIndexSize=101
[2024.06.12-18.30.58:889][  0]LogPakFile: PakFile FullDirectoryIndexSize=150
[2024.06.12-18.30.58:889][  0]LogShaderLibrary: Display: ShaderCodeLibraryPakFileMountedCallback: PakFile 'D:/Unreal engine/UE_4.27/FeaturePacks/TP_SideScroller.upack' (chunk index -1, root 'root:/') mounted
[2024.06.12-18.30.58:889][  0]LogShaderLibrary: Display: ShaderCodeLibraryPakFileMountedCallback: pending pak file info (ChunkID:-1 Root:root:/ File:D:/Unreal engine/UE_4.27/FeaturePacks/TP_SideScroller.upack)
[2024.06.12-18.30.58:889][  0]LogPakFile: OnPakFileMounted2Time == 0.000044
[2024.06.12-18.30.58:890][  0]LogPakFile: PakFile PrimaryIndexSize=190
[2024.06.12-18.30.58:890][  0]LogPakFile: PakFile PathHashIndexSize=101
[2024.06.12-18.30.58:890][  0]LogPakFile: PakFile FullDirectoryIndexSize=154
[2024.06.12-18.30.58:890][  0]LogShaderLibrary: Display: ShaderCodeLibraryPakFileMountedCallback: PakFile 'D:/Unreal engine/UE_4.27/FeaturePacks/TP_SideScrollerBP.upack' (chunk index -1, root 'root:/') mounted
[2024.06.12-18.30.58:890][  0]LogShaderLibrary: Display: ShaderCodeLibraryPakFileMountedCallback: pending pak file info (ChunkID:-1 Root:root:/ File:D:/Unreal engine/UE_4.27/FeaturePacks/TP_SideScrollerBP.upack)
[2024.06.12-18.30.58:890][  0]LogPakFile: OnPakFileMounted2Time == 0.000044
[2024.06.12-18.30.58:890][  0]LogPakFile: PakFile PrimaryIndexSize=187
[2024.06.12-18.30.58:890][  0]LogPakFile: PakFile PathHashIndexSize=101
[2024.06.12-18.30.58:890][  0]LogPakFile: PakFile FullDirectoryIndexSize=148
[2024.06.12-18.30.58:890][  0]LogShaderLibrary: Display: ShaderCodeLibraryPakFileMountedCallback: PakFile 'D:/Unreal engine/UE_4.27/FeaturePacks/TP_ThirdPerson.upack' (chunk index -1, root 'root:/') mounted
[2024.06.12-18.30.58:890][  0]LogShaderLibrary: Display: ShaderCodeLibraryPakFileMountedCallback: pending pak file info (ChunkID:-1 Root:root:/ File:D:/Unreal engine/UE_4.27/FeaturePacks/TP_ThirdPerson.upack)
[2024.06.12-18.30.58:890][  0]LogPakFile: OnPakFileMounted2Time == 0.000043
[2024.06.12-18.30.58:891][  0]LogPakFile: PakFile PrimaryIndexSize=189
[2024.06.12-18.30.58:891][  0]LogPakFile: PakFile PathHashIndexSize=101
[2024.06.12-18.30.58:891][  0]LogPakFile: PakFile FullDirectoryIndexSize=152
[2024.06.12-18.30.58:891][  0]LogShaderLibrary: Display: ShaderCodeLibraryPakFileMountedCallback: PakFile 'D:/Unreal engine/UE_4.27/FeaturePacks/TP_ThirdPersonBP.upack' (chunk index -1, root 'root:/') mounted
[2024.06.12-18.30.58:891][  0]LogShaderLibrary: Display: ShaderCodeLibraryPakFileMountedCallback: pending pak file info (ChunkID:-1 Root:root:/ File:D:/Unreal engine/UE_4.27/FeaturePacks/TP_ThirdPersonBP.upack)
[2024.06.12-18.30.58:891][  0]LogPakFile: OnPakFileMounted2Time == 0.000043
[2024.06.12-18.30.58:891][  0]LogPakFile: PakFile PrimaryIndexSize=183
[2024.06.12-18.30.58:891][  0]LogPakFile: PakFile PathHashIndexSize=101
[2024.06.12-18.30.58:891][  0]LogPakFile: PakFile FullDirectoryIndexSize=140
[2024.06.12-18.30.58:891][  0]LogShaderLibrary: Display: ShaderCodeLibraryPakFileMountedCallback: PakFile 'D:/Unreal engine/UE_4.27/FeaturePacks/TP_TopDown.upack' (chunk index -1, root 'root:/') mounted
[2024.06.12-18.30.58:892][  0]LogShaderLibrary: Display: ShaderCodeLibraryPakFileMountedCallback: pending pak file info (ChunkID:-1 Root:root:/ File:D:/Unreal engine/UE_4.27/FeaturePacks/TP_TopDown.upack)
[2024.06.12-18.30.58:892][  0]LogPakFile: OnPakFileMounted2Time == 0.000126
[2024.06.12-18.30.58:892][  0]LogPakFile: PakFile PrimaryIndexSize=185
[2024.06.12-18.30.58:892][  0]LogPakFile: PakFile PathHashIndexSize=101
[2024.06.12-18.30.58:892][  0]LogPakFile: PakFile FullDirectoryIndexSize=144
[2024.06.12-18.30.58:892][  0]LogShaderLibrary: Display: ShaderCodeLibraryPakFileMountedCallback: PakFile 'D:/Unreal engine/UE_4.27/FeaturePacks/TP_TopDownBP.upack' (chunk index -1, root 'root:/') mounted
[2024.06.12-18.30.58:892][  0]LogShaderLibrary: Display: ShaderCodeLibraryPakFileMountedCallback: pending pak file info (ChunkID:-1 Root:root:/ File:D:/Unreal engine/UE_4.27/FeaturePacks/TP_TopDownBP.upack)
[2024.06.12-18.30.58:892][  0]LogPakFile: OnPakFileMounted2Time == 0.000043
[2024.06.12-18.30.58:893][  0]LogPakFile: PakFile PrimaryIndexSize=185
[2024.06.12-18.30.58:893][  0]LogPakFile: PakFile PathHashIndexSize=101
[2024.06.12-18.30.58:893][  0]LogPakFile: PakFile FullDirectoryIndexSize=144
[2024.06.12-18.30.58:893][  0]LogShaderLibrary: Display: ShaderCodeLibraryPakFileMountedCallback: PakFile 'D:/Unreal engine/UE_4.27/FeaturePacks/TP_TwinStick.upack' (chunk index -1, root 'root:/') mounted
[2024.06.12-18.30.58:893][  0]LogShaderLibrary: Display: ShaderCodeLibraryPakFileMountedCallback: pending pak file info (ChunkID:-1 Root:root:/ File:D:/Unreal engine/UE_4.27/FeaturePacks/TP_TwinStick.upack)
[2024.06.12-18.30.58:893][  0]LogPakFile: OnPakFileMounted2Time == 0.000042
[2024.06.12-18.30.58:893][  0]LogPakFile: PakFile PrimaryIndexSize=187
[2024.06.12-18.30.58:893][  0]LogPakFile: PakFile PathHashIndexSize=101
[2024.06.12-18.30.58:893][  0]LogPakFile: PakFile FullDirectoryIndexSize=148
[2024.06.12-18.30.58:893][  0]LogShaderLibrary: Display: ShaderCodeLibraryPakFileMountedCallback: PakFile 'D:/Unreal engine/UE_4.27/FeaturePacks/TP_TwinStickBP.upack' (chunk index -1, root 'root:/') mounted
[2024.06.12-18.30.58:893][  0]LogShaderLibrary: Display: ShaderCodeLibraryPakFileMountedCallback: pending pak file info (ChunkID:-1 Root:root:/ File:D:/Unreal engine/UE_4.27/FeaturePacks/TP_TwinStickBP.upack)
[2024.06.12-18.30.58:893][  0]LogPakFile: OnPakFileMounted2Time == 0.000042
[2024.06.12-18.30.58:894][  0]LogPakFile: PakFile PrimaryIndexSize=183
[2024.06.12-18.30.58:894][  0]LogPakFile: PakFile PathHashIndexSize=101
[2024.06.12-18.30.58:894][  0]LogPakFile: PakFile FullDirectoryIndexSize=140
[2024.06.12-18.30.58:894][  0]LogShaderLibrary: Display: ShaderCodeLibraryPakFileMountedCallback: PakFile 'D:/Unreal engine/UE_4.27/FeaturePacks/TP_Vehicle.upack' (chunk index -1, root 'root:/') mounted
[2024.06.12-18.30.58:894][  0]LogShaderLibrary: Display: ShaderCodeLibraryPakFileMountedCallback: pending pak file info (ChunkID:-1 Root:root:/ File:D:/Unreal engine/UE_4.27/FeaturePacks/TP_Vehicle.upack)
[2024.06.12-18.30.58:894][  0]LogPakFile: OnPakFileMounted2Time == 0.000048
[2024.06.12-18.30.58:894][  0]LogPakFile: PakFile PrimaryIndexSize=186
[2024.06.12-18.30.58:894][  0]LogPakFile: PakFile PathHashIndexSize=101
[2024.06.12-18.30.58:895][  0]LogPakFile: PakFile FullDirectoryIndexSize=146
[2024.06.12-18.30.58:895][  0]LogShaderLibrary: Display: ShaderCodeLibraryPakFileMountedCallback: PakFile 'D:/Unreal engine/UE_4.27/FeaturePacks/TP_VehicleAdv.upack' (chunk index -1, root 'root:/') mounted
[2024.06.12-18.30.58:895][  0]LogShaderLibrary: Display: ShaderCodeLibraryPakFileMountedCallback: pending pak file info (ChunkID:-1 Root:root:/ File:D:/Unreal engine/UE_4.27/FeaturePacks/TP_VehicleAdv.upack)
[2024.06.12-18.30.58:895][  0]LogPakFile: OnPakFileMounted2Time == 0.000043
[2024.06.12-18.30.58:895][  0]LogPakFile: PakFile PrimaryIndexSize=188
[2024.06.12-18.30.58:895][  0]LogPakFile: PakFile PathHashIndexSize=101
[2024.06.12-18.30.58:895][  0]LogPakFile: PakFile FullDirectoryIndexSize=150
[2024.06.12-18.30.58:895][  0]LogShaderLibrary: Display: ShaderCodeLibraryPakFileMountedCallback: PakFile 'D:/Unreal engine/UE_4.27/FeaturePacks/TP_VehicleAdvBP.upack' (chunk index -1, root 'root:/') mounted
[2024.06.12-18.30.58:895][  0]LogShaderLibrary: Display: ShaderCodeLibraryPakFileMountedCallback: pending pak file info (ChunkID:-1 Root:root:/ File:D:/Unreal engine/UE_4.27/FeaturePacks/TP_VehicleAdvBP.upack)
[2024.06.12-18.30.58:895][  0]LogPakFile: OnPakFileMounted2Time == 0.000056
[2024.06.12-18.30.58:896][  0]LogPakFile: PakFile PrimaryIndexSize=185
[2024.06.12-18.30.58:896][  0]LogPakFile: PakFile PathHashIndexSize=101
[2024.06.12-18.30.58:896][  0]LogPakFile: PakFile FullDirectoryIndexSize=144
[2024.06.12-18.30.58:896][  0]LogShaderLibrary: Display: ShaderCodeLibraryPakFileMountedCallback: PakFile 'D:/Unreal engine/UE_4.27/FeaturePacks/TP_VehicleBP.upack' (chunk index -1, root 'root:/') mounted
[2024.06.12-18.30.58:896][  0]LogShaderLibrary: Display: ShaderCodeLibraryPakFileMountedCallback: pending pak file info (ChunkID:-1 Root:root:/ File:D:/Unreal engine/UE_4.27/FeaturePacks/TP_VehicleBP.upack)
[2024.06.12-18.30.58:896][  0]LogPakFile: OnPakFileMounted2Time == 0.000043
[2024.06.12-18.30.58:896][  0]LogPakFile: PakFile PrimaryIndexSize=192
[2024.06.12-18.30.58:896][  0]LogPakFile: PakFile PathHashIndexSize=101
[2024.06.12-18.30.58:896][  0]LogPakFile: PakFile FullDirectoryIndexSize=158
[2024.06.12-18.30.58:896][  0]LogShaderLibrary: Display: ShaderCodeLibraryPakFileMountedCallback: PakFile 'D:/Unreal engine/UE_4.27/FeaturePacks/TP_VirtualRealityBP.upack' (chunk index -1, root 'root:/') mounted
[2024.06.12-18.30.58:896][  0]LogShaderLibrary: Display: ShaderCodeLibraryPakFileMountedCallback: pending pak file info (ChunkID:-1 Root:root:/ File:D:/Unreal engine/UE_4.27/FeaturePacks/TP_VirtualRealityBP.upack)
[2024.06.12-18.30.58:896][  0]LogPakFile: OnPakFileMounted2Time == 0.000041
[2024.06.12-18.30.58:951][  0]LogNativeClassHierarchy: Verbose: Native class hierarchy updated for 'AddContentDialog' in 0.0006 seconds. Added 0 classes and 0 folders.
[2024.06.12-18.30.58:955][  0]LogNativeClassHierarchy: Verbose: Native class hierarchy updated for 'SceneOutliner' in 0.0004 seconds. Added 2 classes and 0 folders.
[2024.06.12-18.30.58:969][  0]LogNativeClassHierarchy: Verbose: Native class hierarchy updated for 'WorldBrowser' in 0.0004 seconds. Added 2 classes and 3 folders.
[2024.06.12-18.30.59:056][  0]LogSlate: Took 0.000237 seconds to synchronously load lazily loaded font '../../../Engine/Content/Slate/Fonts/Roboto-Regular.ttf' (155K)
[2024.06.12-18.30.59:058][  0]LogSlate: Took 0.000191 seconds to synchronously load lazily loaded font '../../../Engine/Content/Editor/Slate/Fonts/FontAwesome.ttf' (139K)
[2024.06.12-18.30.59:063][  0]LogSlate: Took 0.000243 seconds to synchronously load lazily loaded font '../../../Engine/Content/Slate/Fonts/Roboto-Bold.ttf' (160K)
[2024.06.12-18.30.59:186][  0]LogRenderer: Reallocating scene render targets to support 1152x404 Format 10 NumSamples 1 (Frame:1).
[2024.06.12-18.30.59:331][  0]LogNativeClassHierarchy: Verbose: Native class hierarchy updated for 'HierarchicalLODOutliner' in 0.0003 seconds. Added 0 classes and 0 folders.
[2024.06.12-18.30.59:332][  0]LogLoad: (Engine Initialization) Total time: 10.32 seconds
[2024.06.12-18.30.59:332][  0]LogLoad: (Engine Initialization) Total Blueprint compile time: 0.00 seconds
[2024.06.12-18.30.59:394][  0]LogAssetRegistry: Asset discovery search completed in 6.2462 seconds
[2024.06.12-18.30.59:400][  0]LogCollectionManager: Fixed up redirectors for 0 collections in 0.000004 seconds (updated 0 objects)
[2024.06.12-18.30.59:402][  0]LogContentStreaming: Texture pool size now 1000 MB
[2024.06.12-18.30.59:450][  1]LogRenderer: Reallocating scene render targets to support 1152x420 Format 10 NumSamples 1 (Frame:3).
[2024.06.12-18.34.04:311][ 87]LogEditorViewport: Clicking on Actor (LMB): StaticMeshActor (Floor2)
[2024.06.12-18.34.57:482][851]LogEditorViewport: Clicking on Actor (LMB): StaticMeshActor (EditorCube28)
[2024.06.12-18.34.59:481][963]LogEditorViewport: Clicking on Actor (LMB): AtmosphericFog (AtmosphericFog)
[2024.06.12-18.35.11:641][641]LogEditorViewport: Clicking on Actor (LMB): FirstPersonCharacter_C (FirstPersonCharacter)
[2024.06.12-18.35.17:498][980]LogTemp: Repeating last play command: Selected Viewport
[2024.06.12-18.35.17:505][980]LogPlayLevel: PlayLevel: No blueprints needed recompiling
[2024.06.12-18.35.17:506][980]PIE: New page: PIE session: FirstPersonExampleMap (Jun 13, 2024, 12:35:17 AM)
[2024.06.12-18.35.17:507][980]LogOnline: OSS: Creating online subsystem instance for: NULL
[2024.06.12-18.35.17:508][980]LogOnline: OSS: TryLoadSubsystemAndSetDefault: Loaded subsystem for module [NULL]
[2024.06.12-18.35.17:509][980]LogPlayLevel: Creating play world package: /Game/FirstPersonBP/Maps/UEDPIE_0_FirstPersonExampleMap
[2024.06.12-18.35.17:533][980]LogPlayLevel: PIE: StaticDuplicateObject took: (0.024210s)
[2024.06.12-18.35.17:535][980]LogAIModule: Creating AISystem for world FirstPersonExampleMap
[2024.06.12-18.35.17:536][980]LogPlayLevel: PIE: World Init took: (0.002781s)
[2024.06.12-18.35.17:536][980]LogPlayLevel: PIE: Created PIE world by copying editor world from /Game/FirstPersonBP/Maps/FirstPersonExampleMap.FirstPersonExampleMap to /Game/FirstPersonBP/Maps/UEDPIE_0_FirstPersonExampleMap.FirstPersonExampleMap (0.027323s)
[2024.06.12-18.35.17:558][980]LogUObjectHash: Compacting FUObjectHashTables data took   1.00ms
[2024.06.12-18.35.17:562][980]LogAudio: Display: Creating Audio Device:                 Id: 2, Scope: Unique, Realtime: True
[2024.06.12-18.35.17:562][980]LogAudioMixer: Display: Audio Mixer Platform Settings:
[2024.06.12-18.35.17:562][980]LogAudioMixer: Display: 	Sample Rate:						  48000
[2024.06.12-18.35.17:562][980]LogAudioMixer: Display: 	Callback Buffer Frame Size Requested: 1024
[2024.06.12-18.35.17:562][980]LogAudioMixer: Display: 	Callback Buffer Frame Size To Use:	  1024
[2024.06.12-18.35.17:562][980]LogAudioMixer: Display: 	Number of buffers to queue:			  2
[2024.06.12-18.35.17:562][980]LogAudioMixer: Display: 	Max Channels (voices):				  32
[2024.06.12-18.35.17:562][980]LogAudioMixer: Display: 	Number of Async Source Workers:		  0
[2024.06.12-18.35.17:562][980]LogAudio: Display: AudioDevice MaxSources: 32
[2024.06.12-18.35.17:563][980]LogAudio: Display: Audio Spatialization Plugin: None (built-in).
[2024.06.12-18.35.17:563][980]LogAudio: Display: Audio Reverb Plugin: None (built-in).
[2024.06.12-18.35.17:563][980]LogAudio: Display: Audio Occlusion Plugin: None (built-in).
[2024.06.12-18.35.17:563][980]LogAudioMixer: Display: Initializing audio mixer.
[2024.06.12-18.35.17:569][980]LogAudioMixer: Display: 0: FrontLeft
[2024.06.12-18.35.17:569][980]LogAudioMixer: Display: 1: FrontRight
[2024.06.12-18.35.17:588][980]LogAudioMixer: Display: Using Audio Device Speakers (Realtek High Definition Audio)
[2024.06.12-18.35.17:589][980]LogAudioMixer: Display: Initializing Sound Submixes...
[2024.06.12-18.35.17:589][980]LogAudioMixer: Display: Creating Master Submix 'MasterSubmixDefault'
[2024.06.12-18.35.17:589][980]LogAudioMixer: Display: Creating Master Submix 'MasterReverbSubmixDefault'
[2024.06.12-18.35.17:589][980]LogAudioMixer: Display: Creating Master Submix 'MasterEQSubmixDefault'
[2024.06.12-18.35.17:589][980]LogAudioMixer: FMixerPlatformXAudio2::StartAudioStream() called
[2024.06.12-18.35.17:589][980]LogAudioMixer: Display: Output buffers initialized: Frames=1024, Channels=2, Samples=2048
[2024.06.12-18.35.17:591][980]LogAudioMixer: Display: Starting AudioMixerPlatformInterface::RunInternal()
[2024.06.12-18.35.17:591][980]LogAudioMixer: Display: FMixerPlatformXAudio2::SubmitBuffer() called for the first time
[2024.06.12-18.35.17:591][980]LogInit: FAudioDevice initialized.
[2024.06.12-18.35.17:591][980]LogAudio: Display: Audio Device (ID: 2) registered with world 'FirstPersonExampleMap'.
[2024.06.12-18.35.17:601][980]LogLoad: Game class is 'FirstPersonGameMode_C'
[2024.06.12-18.35.17:609][980]LogWorld: Bringing World /Game/FirstPersonBP/Maps/UEDPIE_0_FirstPersonExampleMap.FirstPersonExampleMap up for play (max tick rate 60) at 2024.06.12-21.35.17
[2024.06.12-18.35.17:609][980]LogWorld: Bringing up level for play took: 0.006081
[2024.06.12-18.35.17:609][980]LogOnline: OSS: Creating online subsystem instance for: :Context_3
[2024.06.12-18.35.17:613][980]LogNativeClassHierarchy: Verbose: Native class hierarchy updated for 'MovieSceneCapture' in 0.0004 seconds. Added 20 classes and 0 folders.
[2024.06.12-18.35.17:614][980]PIE: Server logged in
[2024.06.12-18.35.17:615][980]PIE: Play in editor total start time 0.112 seconds.
[2024.06.12-18.35.22:515][265]LogSlate: Updating window title bar state: overlay mode, drag disabled, window buttons hidden, title bar hidden
[2024.06.12-18.35.22:515][265]LogWorld: BeginTearingDown for /Game/FirstPersonBP/Maps/UEDPIE_0_FirstPersonExampleMap
[2024.06.12-18.35.22:515][265]LogWorld: UWorld::CleanupWorld for FirstPersonExampleMap, bSessionEnded=true, bCleanupResources=true
[2024.06.12-18.35.22:516][265]LogSlate: InvalidateAllWidgets triggered.  All widgets were invalidated
[2024.06.12-18.35.22:528][265]LogPlayLevel: Display: Shutting down PIE online subsystems
[2024.06.12-18.35.22:575][265]LogSlate: InvalidateAllWidgets triggered.  All widgets were invalidated
[2024.06.12-18.35.22:582][265]LogAudio: Display: Audio Device unregistered from world 'None'.
[2024.06.12-18.35.22:583][265]LogAudioMixer: FMixerPlatformXAudio2::StopAudioStream() called
[2024.06.12-18.35.22:584][265]LogAudioMixer: FMixerPlatformXAudio2::StopAudioStream() called
[2024.06.12-18.35.22:588][265]LogSlate: Updating window title bar state: overlay mode, drag disabled, window buttons hidden, title bar hidden
[2024.06.12-18.35.22:591][265]LogUObjectHash: Compacting FUObjectHashTables data took   0.82ms
[2024.06.12-18.35.22:617][266]LogPlayLevel: Display: Destroying online subsystem :Context_3
[2024.06.12-18.35.23:989][338]LogEditorViewport: Clicking on Actor (LMB): StaticMeshActor (Floor2)
[2024.06.12-18.35.25:361][398]LogSlate: Took 0.006467 seconds to synchronously load lazily loaded font '../../../Engine/Content/Slate/Fonts/Roboto-Light.ttf' (167K)
[2024.06.12-18.35.25:414][398]LogUObjectHash: Compacting FUObjectHashTables data took   0.65ms
[2024.06.12-18.35.25:464][398]LogSavePackage: Moving '../../../../../Project_clone/Unreal-engine-first-project/Saved/FirstPersonExampleMap73022C0C40215C97332491AA42DBDF81.tmp' to '../../../../../Project_clone/Unreal-engine-first-project/Content/FirstPersonBP/Maps/FirstPersonExampleMap.umap'
[2024.06.12-18.35.28:944][398]LogSavePackage: Moving '../../../../../Project_clone/Unreal-engine-first-project/Saved/FirstPersonExampleMap_BuiltDataC8F8F1A74AF1E4CE35CC92A2F7A8553D.tmp' to '../../../../../Project_clone/Unreal-engine-first-project/Content/FirstPersonBP/Maps/FirstPersonExampleMap_BuiltData.uasset'
[2024.06.12-18.35.28:978][398]AssetCheck: New page: Asset Save: multiple assets
[2024.06.12-18.35.28:978][398]LogContentValidation: Display: Validating MapBuildDataRegistry /Game/FirstPersonBP/Maps/FirstPersonExampleMap_BuiltData.FirstPersonExampleMap_BuiltData
[2024.06.12-18.35.28:979][398]LogContentValidation: Display: Validating World /Game/FirstPersonBP/Maps/FirstPersonExampleMap.FirstPersonExampleMap
